<?xml version="1.0" encoding="UTF-8" ?>
<testsuite errors="0" failures="0" hostname="gearboxsv1" name="org.eclipse.lyo.testsuite.server.oslcv2tests.SimplifiedQueryXmlTests" tests="6" time="0.241" timestamp="2011-11-29T16:43:18">
  <properties>
[...]
</properties>
  <testcase classname="org.eclipse.lyo.testsuite.server.oslcv2tests.SimplifiedQueryXmlTests" name="validEqualsQueryContainsExpectedResource[0]" time="0.064" />
  <testcase classname="org.eclipse.lyo.testsuite.server.oslcv2tests.SimplifiedQueryXmlTests" name="validNotEqualQueryContainsExpectedResource[0]" time="0.017" />
  <testcase classname="org.eclipse.lyo.testsuite.server.oslcv2tests.SimplifiedQueryXmlTests" name="validLessThanQueryContainsExpectedResources[0]" time="0.017" />
  <testcase classname="org.eclipse.lyo.testsuite.server.oslcv2tests.SimplifiedQueryXmlTests" name="validGreaterThanQueryContainsExpectedDefects[0]" time="0.053" />
  <testcase classname="org.eclipse.lyo.testsuite.server.oslcv2tests.SimplifiedQueryXmlTests" name="validCompoundQueryContainsExpectedResource[0]" time="0.058" />
  <testcase classname="org.eclipse.lyo.testsuite.server.oslcv2tests.SimplifiedQueryXmlTests" name="fullTextSearchContainsExpectedResults[0]" time="0.025" />
  <system-out><![CDATA[]]></system-out>
  <system-err><![CDATA[]]></system-err>
</testsuite>
