<?xml version="1.0" encoding="UTF-8"?>
<testsuites>
	<testsuite errors="0" failures="1" hostname="yyin2" name="org.eclipse.lyo.testsuite.server.oslcv2tests.CreationAndUpdateRdfXmlTests" tests="7" time="2.299" timestamp="2012-02-06T20:49:03">
  <properties>
[...]
</properties>
  <testcase classname="org.eclipse.lyo.testsuite.server.oslcv2tests.CreationAndUpdateRdfXmlTests" name="createValidResourceUsingRdfXmlTemplate[0]" time="0.235"/>
  <testcase classname="org.eclipse.lyo.testsuite.server.oslcv2tests.CreationAndUpdateRdfXmlTests" name="createResourceWithInvalidContent[0]" time="0.047"/>
  <testcase classname="org.eclipse.lyo.testsuite.server.oslcv2tests.CreationAndUpdateRdfXmlTests" name="createResourceAndUpdateIt[0]" time="1.064"/>
  <testcase classname="org.eclipse.lyo.testsuite.server.oslcv2tests.CreationAndUpdateRdfXmlTests" name="updateCreatedResourceWithInvalidContent[0]" time="0.359"/>
  <testcase classname="org.eclipse.lyo.testsuite.server.oslcv2tests.CreationAndUpdateRdfXmlTests" name="updateCreatedResourceWithBadType[0]" time="0.266"/>
  <testcase classname="org.eclipse.lyo.testsuite.server.oslcv2tests.CreationAndUpdateRdfXmlTests" name="updateCreatedResourceWithFailedPrecondition[0]" time="0.157">
    <failure message="expected:&lt;412&gt; but was:&lt;500&gt;" type="junit.framework.AssertionFailedError">junit.framework.AssertionFailedError: expected:&lt;412&gt; but was:&lt;500&gt;
	at org.eclipse.ant.internal.launching.remote.EclipseDefaultExecutor.executeTargets(EclipseDefaultExecutor.java:32)
	at org.eclipse.ant.internal.launching.remote.InternalAntRunner.run(InternalAntRunner.java:423)
	at org.eclipse.ant.internal.launching.remote.InternalAntRunner.main(InternalAntRunner.java:137)
	at org.eclipse.lyo.testsuite.server.oslcv2tests.CreationAndUpdateBaseTests.updateCreatedResourceWithFailedPrecondition(CreationAndUpdateBaseTests.java:321)
	at org.eclipse.lyo.testsuite.server.oslcv2tests.CreationAndUpdateRdfXmlTests.updateCreatedResourceWithFailedPrecondition(CreationAndUpdateRdfXmlTests.java:109)
</failure>
  </testcase>
  <testcase classname="org.eclipse.lyo.testsuite.server.oslcv2tests.CreationAndUpdateRdfXmlTests" name="createResourceWithInvalidContentType[0]" time="0.156"/>
  <system-out/>
  <system-err/>
</testsuite>
	
	<testsuite errors="0" failures="0" hostname="yyin2" name="org.eclipse.lyo.testsuite.server.oslcv2tests.SimplifiedQueryRdfXmlTests" tests="6" time="0.47" timestamp="2012-02-06T20:49:05">
  <properties>
[...]
</properties>
  <testcase classname="org.eclipse.lyo.testsuite.server.oslcv2tests.SimplifiedQueryRdfXmlTests" name="validEqualsQueryContainsExpectedResource[0]" time="0.063"/>
  <testcase classname="org.eclipse.lyo.testsuite.server.oslcv2tests.SimplifiedQueryRdfXmlTests" name="validNotEqualQueryContainsExpectedResource[0]" time="0.109"/>
  <testcase classname="org.eclipse.lyo.testsuite.server.oslcv2tests.SimplifiedQueryRdfXmlTests" name="validLessThanQueryContainsExpectedResources[0]" time="0.063"/>
  <testcase classname="org.eclipse.lyo.testsuite.server.oslcv2tests.SimplifiedQueryRdfXmlTests" name="validGreaterThanQueryContainsExpectedDefects[0]" time="0.094"/>
  <testcase classname="org.eclipse.lyo.testsuite.server.oslcv2tests.SimplifiedQueryRdfXmlTests" name="validCompoundQueryContainsExpectedResource[0]" time="0.078"/>
  <testcase classname="org.eclipse.lyo.testsuite.server.oslcv2tests.SimplifiedQueryRdfXmlTests" name="fullTextSearchContainsExpectedResults[0]" time="0.047"/>
  <system-out/>
  <system-err/>
</testsuite>
	
	<testsuite errors="0" failures="0" hostname="yyin2" name="org.eclipse.lyo.testsuite.server.oslcv2tests.SimplifiedQueryXmlTests" tests="6" time="0.328" timestamp="2012-02-06T20:49:01">
  <properties>
[...]
</properties>
  <testcase classname="org.eclipse.lyo.testsuite.server.oslcv2tests.SimplifiedQueryXmlTests" name="validEqualsQueryContainsExpectedResource[0]" time="0.062"/>
  <testcase classname="org.eclipse.lyo.testsuite.server.oslcv2tests.SimplifiedQueryXmlTests" name="validNotEqualQueryContainsExpectedResource[0]" time="0.047"/>
  <testcase classname="org.eclipse.lyo.testsuite.server.oslcv2tests.SimplifiedQueryXmlTests" name="validLessThanQueryContainsExpectedResources[0]" time="0.063"/>
  <testcase classname="org.eclipse.lyo.testsuite.server.oslcv2tests.SimplifiedQueryXmlTests" name="validGreaterThanQueryContainsExpectedDefects[0]" time="0.047"/>
  <testcase classname="org.eclipse.lyo.testsuite.server.oslcv2tests.SimplifiedQueryXmlTests" name="validCompoundQueryContainsExpectedResource[0]" time="0.047"/>
  <testcase classname="org.eclipse.lyo.testsuite.server.oslcv2tests.SimplifiedQueryXmlTests" name="fullTextSearchContainsExpectedResults[0]" time="0.046"/>
  <system-out/>
  <system-err/>
</testsuite>
	<testsuite errors="0" failures="1" hostname="yyin2" name="org.eclipse.lyo.testsuite.server.oslcv2tests.ServiceProviderCatalogRdfXmlTests" tests="12" time="1.642" timestamp="2012-02-06T20:48:52">
  <properties>
[...]
</properties>
  <testcase classname="org.eclipse.lyo.testsuite.server.oslcv2tests.ServiceProviderCatalogRdfXmlTests" name="baseUrlIsValid[0]" time="0.078"/>
  <testcase classname="org.eclipse.lyo.testsuite.server.oslcv2tests.ServiceProviderCatalogRdfXmlTests" name="catalogRootIsRdfNamespaceDeclaration[0]" time="0.063"/>
  <testcase classname="org.eclipse.lyo.testsuite.server.oslcv2tests.ServiceProviderCatalogRdfXmlTests" name="catalogRootAboutElementPointsToSelf[0]" time="0.219"/>
  <testcase classname="org.eclipse.lyo.testsuite.server.oslcv2tests.ServiceProviderCatalogRdfXmlTests" name="serviceProviderCatalogsHaveAtMostOneTitle[0]" time="0.094"/>
  <testcase classname="org.eclipse.lyo.testsuite.server.oslcv2tests.ServiceProviderCatalogRdfXmlTests" name="serviceProviderCatalogHaveAtMostOneTitle[0]" time="0.078"/>
  <testcase classname="org.eclipse.lyo.testsuite.server.oslcv2tests.ServiceProviderCatalogRdfXmlTests" name="serviceProvidersHaveAtMostOneTitle[0]" time="0.094"/>
  <testcase classname="org.eclipse.lyo.testsuite.server.oslcv2tests.ServiceProviderCatalogRdfXmlTests" name="serviceProviderCatalogsHaveAtMostOnePublisher[0]" time="0.078"/>
  <testcase classname="org.eclipse.lyo.testsuite.server.oslcv2tests.ServiceProviderCatalogRdfXmlTests" name="serviceProvidersHaveAtMostOnePublisher[0]" time="0.047"/>
  <testcase classname="org.eclipse.lyo.testsuite.server.oslcv2tests.ServiceProviderCatalogRdfXmlTests" name="publisherElementsAreValid[0]" time="0.219"/>
  <testcase classname="org.eclipse.lyo.testsuite.server.oslcv2tests.ServiceProviderCatalogRdfXmlTests" name="invalidContentTypeGivesNotSupportedOPTIONAL[0]" time="0.156">
    <failure message="Expected 406 but received HTTP/1.1 200 OK or Content-type='invalid/content-type' but received application/rdf+xml;charset=UTF-8" type="junit.framework.AssertionFailedError">junit.framework.AssertionFailedError: Expected 406 but received HTTP/1.1 200 OK or Content-type='invalid/content-type' but received application/rdf+xml;charset=UTF-8
	at org.eclipse.ant.internal.launching.remote.EclipseDefaultExecutor.executeTargets(EclipseDefaultExecutor.java:32)
	at org.eclipse.ant.internal.launching.remote.InternalAntRunner.run(InternalAntRunner.java:423)
	at org.eclipse.ant.internal.launching.remote.InternalAntRunner.main(InternalAntRunner.java:137)
	at org.eclipse.lyo.testsuite.server.oslcv2tests.ServiceProviderCatalogBaseTests.invalidContentTypeGivesNotSupportedOPTIONAL(ServiceProviderCatalogBaseTests.java:68)
</failure>
  </testcase>
  <testcase classname="org.eclipse.lyo.testsuite.server.oslcv2tests.ServiceProviderCatalogRdfXmlTests" name="contentTypeIsSuggestedType[0]" time="0.141"/>
  <testcase classname="org.eclipse.lyo.testsuite.server.oslcv2tests.ServiceProviderCatalogRdfXmlTests" name="misplacedParametersDoNotEffectResponse[0]" time="0.297"/>
  <system-out>Catalog does not contain other catalogs
</system-out>
  <system-err/>
</testsuite>
	<testsuite errors="0" failures="2" hostname="yyin2" name="org.eclipse.lyo.testsuite.server.oslcv2tests.ServiceProviderCatalogXmlTests" tests="17" time="2.128" timestamp="2012-02-06T20:48:53">
  <properties>
[...]
</properties>
  <testcase classname="org.eclipse.lyo.testsuite.server.oslcv2tests.ServiceProviderCatalogXmlTests" name="baseUrlIsValid[0]" time="0.063"/>
  <testcase classname="org.eclipse.lyo.testsuite.server.oslcv2tests.ServiceProviderCatalogXmlTests" name="catalogRootIsRdfNamespaceDeclaration[0]" time="0.094"/>
  <testcase classname="org.eclipse.lyo.testsuite.server.oslcv2tests.ServiceProviderCatalogXmlTests" name="catalogRootAboutElementPointsToSelf[0]" time="0.125"/>
  <testcase classname="org.eclipse.lyo.testsuite.server.oslcv2tests.ServiceProviderCatalogXmlTests" name="serviceProviderCatalogsHaveAtMostOneTitle[0]" time="0.078"/>
  <testcase classname="org.eclipse.lyo.testsuite.server.oslcv2tests.ServiceProviderCatalogXmlTests" name="serviceProvidersHaveAtMostOneTitle[0]" time="0.11"/>
  <testcase classname="org.eclipse.lyo.testsuite.server.oslcv2tests.ServiceProviderCatalogXmlTests" name="serviceProviderCatalogsHaveAtMostOnePublisher[0]" time="0.078"/>
  <testcase classname="org.eclipse.lyo.testsuite.server.oslcv2tests.ServiceProviderCatalogXmlTests" name="serviceProvidersHaveAtMostOnePublisher[0]" time="0.094"/>
  <testcase classname="org.eclipse.lyo.testsuite.server.oslcv2tests.ServiceProviderCatalogXmlTests" name="publisherElementsAreValid[0]" time="0.047"/>
  <testcase classname="org.eclipse.lyo.testsuite.server.oslcv2tests.ServiceProviderCatalogXmlTests" name="serviceProviderCatalogsHaveAtMostOneOAuthElement[0]" time="0.25"/>
  <testcase classname="org.eclipse.lyo.testsuite.server.oslcv2tests.ServiceProviderCatalogXmlTests" name="serviceProvidersHaveAtMostOneOAuthElement[0]" time="0.094"/>
  <testcase classname="org.eclipse.lyo.testsuite.server.oslcv2tests.ServiceProviderCatalogXmlTests" name="oAuthElementsAreValid[0]" time="0.078"/>
  <testcase classname="org.eclipse.lyo.testsuite.server.oslcv2tests.ServiceProviderCatalogXmlTests" name="serviceProviderCatalogsHaveValidResourceUrl[0]" time="0.125"/>
  <testcase classname="org.eclipse.lyo.testsuite.server.oslcv2tests.ServiceProviderCatalogXmlTests" name="servicesProvidersHaveValidResourceUrl[0]" time="0.157"/>
  <testcase classname="org.eclipse.lyo.testsuite.server.oslcv2tests.ServiceProviderCatalogXmlTests" name="detailsElementsHaveValidResourceAttribute[0]" time="0.078"/>
  <testcase classname="org.eclipse.lyo.testsuite.server.oslcv2tests.ServiceProviderCatalogXmlTests" name="invalidContentTypeGivesNotSupportedOPTIONAL[0]" time="0.266">
    <failure message="Expected 406 but received HTTP/1.1 200 OK or Content-type='invalid/content-type' but received application/rdf+xml;charset=UTF-8" type="junit.framework.AssertionFailedError">junit.framework.AssertionFailedError: Expected 406 but received HTTP/1.1 200 OK or Content-type='invalid/content-type' but received application/rdf+xml;charset=UTF-8
	at org.eclipse.ant.internal.launching.remote.EclipseDefaultExecutor.executeTargets(EclipseDefaultExecutor.java:32)
	at org.eclipse.ant.internal.launching.remote.InternalAntRunner.run(InternalAntRunner.java:423)
	at org.eclipse.ant.internal.launching.remote.InternalAntRunner.main(InternalAntRunner.java:137)
	at org.eclipse.lyo.testsuite.server.oslcv2tests.ServiceProviderCatalogBaseTests.invalidContentTypeGivesNotSupportedOPTIONAL(ServiceProviderCatalogBaseTests.java:68)
</failure>
  </testcase>
  <testcase classname="org.eclipse.lyo.testsuite.server.oslcv2tests.ServiceProviderCatalogXmlTests" name="contentTypeIsSuggestedType[0]" time="0.156">
    <failure message="Expected content-type &quot;application/xml&quot; received : application/rdf+xml;charset=UTF-8" type="junit.framework.AssertionFailedError">junit.framework.AssertionFailedError: Expected content-type "application/xml" received : application/rdf+xml;charset=UTF-8
	at org.eclipse.ant.internal.launching.remote.EclipseDefaultExecutor.executeTargets(EclipseDefaultExecutor.java:32)
	at org.eclipse.ant.internal.launching.remote.InternalAntRunner.run(InternalAntRunner.java:423)
	at org.eclipse.ant.internal.launching.remote.InternalAntRunner.main(InternalAntRunner.java:137)
	at org.eclipse.lyo.testsuite.server.oslcv2tests.ServiceProviderCatalogBaseTests.contentTypeIsSuggestedType(ServiceProviderCatalogBaseTests.java:86)
</failure>
  </testcase>
  <testcase classname="org.eclipse.lyo.testsuite.server.oslcv2tests.ServiceProviderCatalogXmlTests" name="misplacedParametersDoNotEffectResponse[0]" time="0.188"/>
  <system-out/>
  <system-err/>
</testsuite>
	<testsuite errors="0" failures="1" hostname="yyin2" name="org.eclipse.lyo.testsuite.server.oslcv2tests.ServiceProviderRdfXmlTests" tests="8" time="2.018" timestamp="2012-02-06T20:48:56">
  <properties>
[...]
</properties>
  <testcase classname="org.eclipse.lyo.testsuite.server.oslcv2tests.ServiceProviderRdfXmlTests" name="currentUrlIsValid[0]" time="0.203"/>
  <testcase classname="org.eclipse.lyo.testsuite.server.oslcv2tests.ServiceProviderRdfXmlTests" name="rootAboutElementPointsToSelf[0]" time="0.125"/>
  <testcase classname="org.eclipse.lyo.testsuite.server.oslcv2tests.ServiceProviderRdfXmlTests" name="typeIsServiceProvider[0]" time="0.156"/>
  <testcase classname="org.eclipse.lyo.testsuite.server.oslcv2tests.ServiceProviderRdfXmlTests" name="invalidContentTypeGivesNotSupportedOPTIONAL[0]" time="0.329">
    <failure message="Expected 406 but received HTTP/1.1 200 OK,Content-type='invalid/content-type' but received application/rdf+xml;charset=UTF-8" type="junit.framework.AssertionFailedError">junit.framework.AssertionFailedError: Expected 406 but received HTTP/1.1 200 OK,Content-type='invalid/content-type' but received application/rdf+xml;charset=UTF-8
	at org.eclipse.ant.internal.launching.remote.EclipseDefaultExecutor.executeTargets(EclipseDefaultExecutor.java:32)
	at org.eclipse.ant.internal.launching.remote.InternalAntRunner.run(InternalAntRunner.java:423)
	at org.eclipse.ant.internal.launching.remote.InternalAntRunner.main(InternalAntRunner.java:137)
	at org.eclipse.lyo.testsuite.server.oslcv2tests.ServiceProviderRdfXmlTests.invalidContentTypeGivesNotSupportedOPTIONAL(ServiceProviderRdfXmlTests.java:156)
</failure>
  </testcase>
  <testcase classname="org.eclipse.lyo.testsuite.server.oslcv2tests.ServiceProviderRdfXmlTests" name="responseContentTypeIsXML[0]" time="0.282"/>
  <testcase classname="org.eclipse.lyo.testsuite.server.oslcv2tests.ServiceProviderRdfXmlTests" name="misplacedParametersDoNotEffectResponse[0]" time="0.484"/>
  <testcase classname="org.eclipse.lyo.testsuite.server.oslcv2tests.ServiceProviderRdfXmlTests" name="serviceProviderHasAtMostOneTitle[0]" time="0.219"/>
  <testcase classname="org.eclipse.lyo.testsuite.server.oslcv2tests.ServiceProviderRdfXmlTests" name="serviceProviderHasService[0]" time="0.188"/>
  <system-out/>
  <system-err/>
</testsuite>
	<testsuite errors="0" failures="1" hostname="yyin2" name="org.eclipse.lyo.testsuite.server.oslcv2tests.ServiceProviderXmlTests" tests="16" time="3.081" timestamp="2012-02-06T20:48:58">
  <properties>
[...]
</properties>
  <testcase classname="org.eclipse.lyo.testsuite.server.oslcv2tests.ServiceProviderXmlTests" name="baseUrlIsValid[0]" time="0.172"/>
  <testcase classname="org.eclipse.lyo.testsuite.server.oslcv2tests.ServiceProviderXmlTests" name="invalidContentTypeGivesNotSupportedOPTIONAL[0]" time="0.313">
    <failure message="Expected 406 but received HTTP/1.1 200 OK,Content-type='invalid/content-type' but received application/rdf+xml;charset=UTF-8" type="junit.framework.AssertionFailedError">junit.framework.AssertionFailedError: Expected 406 but received HTTP/1.1 200 OK,Content-type='invalid/content-type' but received application/rdf+xml;charset=UTF-8
	at org.eclipse.ant.internal.launching.remote.EclipseDefaultExecutor.executeTargets(EclipseDefaultExecutor.java:32)
	at org.eclipse.ant.internal.launching.remote.InternalAntRunner.run(InternalAntRunner.java:423)
	at org.eclipse.ant.internal.launching.remote.InternalAntRunner.main(InternalAntRunner.java:137)
	at org.eclipse.lyo.testsuite.server.oslcv2tests.ServiceProviderXmlTests.invalidContentTypeGivesNotSupportedOPTIONAL(ServiceProviderXmlTests.java:116)
</failure>
  </testcase>
  <testcase classname="org.eclipse.lyo.testsuite.server.oslcv2tests.ServiceProviderXmlTests" name="responseContentTypeIsXML[0]" time="0.282"/>
  <testcase classname="org.eclipse.lyo.testsuite.server.oslcv2tests.ServiceProviderXmlTests" name="misplacedParametersDoNotEffectResponse[0]" time="0.453"/>
  <testcase classname="org.eclipse.lyo.testsuite.server.oslcv2tests.ServiceProviderXmlTests" name="serviceProviderHasAtMostOneTitle[0]" time="0.11"/>
  <testcase classname="org.eclipse.lyo.testsuite.server.oslcv2tests.ServiceProviderXmlTests" name="serviceProviderHasAtMostOnePublisher[0]" time="0.219"/>
  <testcase classname="org.eclipse.lyo.testsuite.server.oslcv2tests.ServiceProviderXmlTests" name="publisherElementsAreValid[0]" time="0.141"/>
  <testcase classname="org.eclipse.lyo.testsuite.server.oslcv2tests.ServiceProviderXmlTests" name="serviceProviderHasService[0]" time="0.109"/>
  <testcase classname="org.eclipse.lyo.testsuite.server.oslcv2tests.ServiceProviderXmlTests" name="serviceProviderHasValidDetails[0]" time="0.157"/>
  <testcase classname="org.eclipse.lyo.testsuite.server.oslcv2tests.ServiceProviderXmlTests" name="prefixDefinitionsAreValid[0]" time="0.234"/>
  <testcase classname="org.eclipse.lyo.testsuite.server.oslcv2tests.ServiceProviderXmlTests" name="serviceProviderHasAtMostOneOAuthElement[0]" time="0.157"/>
  <testcase classname="org.eclipse.lyo.testsuite.server.oslcv2tests.ServiceProviderXmlTests" name="oAuthElementsAreValid[0]" time="0.109"/>
  <testcase classname="org.eclipse.lyo.testsuite.server.oslcv2tests.ServiceProviderXmlTests" name="eachServiceHasOneDomain[0]" time="0.203"/>
  <testcase classname="org.eclipse.lyo.testsuite.server.oslcv2tests.ServiceProviderXmlTests" name="creationFactoriesAreValid[0]" time="0.173"/>
  <testcase classname="org.eclipse.lyo.testsuite.server.oslcv2tests.ServiceProviderXmlTests" name="queryCapabilityBlocksAreValid[0]" time="0.125"/>
  <testcase classname="org.eclipse.lyo.testsuite.server.oslcv2tests.ServiceProviderXmlTests" name="dialogsAreValid[0]" time="0.109"/>
  <system-out/>
  <system-err/>
</testsuite>
	
	
	
</testsuites>