<?xml version="1.0" encoding="UTF-8" ?>
<testsuite errors="0" failures="2" hostname="yyin2" name="org.eclipse.lyo.testsuite.server.oslcv2tests.ServiceProviderCatalogXmlTests" tests="17" time="4.655" timestamp="2012-02-10T18:16:55">
  <properties>
[...]
</properties>
  <testcase classname="org.eclipse.lyo.testsuite.server.oslcv2tests.ServiceProviderCatalogXmlTests" name="baseUrlIsValid[0]" time="0.232" />
  <testcase classname="org.eclipse.lyo.testsuite.server.oslcv2tests.ServiceProviderCatalogXmlTests" name="catalogRootIsRdfNamespaceDeclaration[0]" time="0.201" />
  <testcase classname="org.eclipse.lyo.testsuite.server.oslcv2tests.ServiceProviderCatalogXmlTests" name="catalogRootAboutElementPointsToSelf[0]" time="0.417" />
  <testcase classname="org.eclipse.lyo.testsuite.server.oslcv2tests.ServiceProviderCatalogXmlTests" name="serviceProviderCatalogsHaveAtMostOneTitle[0]" time="0.217" />
  <testcase classname="org.eclipse.lyo.testsuite.server.oslcv2tests.ServiceProviderCatalogXmlTests" name="serviceProvidersHaveAtMostOneTitle[0]" time="0.154" />
  <testcase classname="org.eclipse.lyo.testsuite.server.oslcv2tests.ServiceProviderCatalogXmlTests" name="serviceProviderCatalogsHaveAtMostOnePublisher[0]" time="0.155" />
  <testcase classname="org.eclipse.lyo.testsuite.server.oslcv2tests.ServiceProviderCatalogXmlTests" name="serviceProvidersHaveAtMostOnePublisher[0]" time="0.155" />
  <testcase classname="org.eclipse.lyo.testsuite.server.oslcv2tests.ServiceProviderCatalogXmlTests" name="publisherElementsAreValid[0]" time="0.139" />
  <testcase classname="org.eclipse.lyo.testsuite.server.oslcv2tests.ServiceProviderCatalogXmlTests" name="serviceProviderCatalogsHaveAtMostOneOAuthElement[0]" time="0.139" />
  <testcase classname="org.eclipse.lyo.testsuite.server.oslcv2tests.ServiceProviderCatalogXmlTests" name="serviceProvidersHaveAtMostOneOAuthElement[0]" time="0.155" />
  <testcase classname="org.eclipse.lyo.testsuite.server.oslcv2tests.ServiceProviderCatalogXmlTests" name="oAuthElementsAreValid[0]" time="0.139" />
  <testcase classname="org.eclipse.lyo.testsuite.server.oslcv2tests.ServiceProviderCatalogXmlTests" name="serviceProviderCatalogsHaveValidResourceUrl[0]" time="0.278" />
  <testcase classname="org.eclipse.lyo.testsuite.server.oslcv2tests.ServiceProviderCatalogXmlTests" name="servicesProvidersHaveValidResourceUrl[0]" time="0.913" />
  <testcase classname="org.eclipse.lyo.testsuite.server.oslcv2tests.ServiceProviderCatalogXmlTests" name="detailsElementsHaveValidResourceAttribute[0]" time="0.355" />
  <testcase classname="org.eclipse.lyo.testsuite.server.oslcv2tests.ServiceProviderCatalogXmlTests" name="invalidContentTypeGivesNotSupportedOPTIONAL[0]" time="0.279">
    <failure message="Expected 406 but received HTTP/1.1 200 OK or Content-type=&apos;invalid/content-type&apos; but received application/rdf+xml;charset=UTF-8" type="junit.framework.AssertionFailedError">junit.framework.AssertionFailedError: Expected 406 but received HTTP/1.1 200 OK or Content-type=&apos;invalid/content-type&apos; but received application/rdf+xml;charset=UTF-8
	at org.eclipse.ant.internal.launching.remote.EclipseDefaultExecutor.executeTargets(EclipseDefaultExecutor.java:32)
	at org.eclipse.ant.internal.launching.remote.InternalAntRunner.run(InternalAntRunner.java:423)
	at org.eclipse.ant.internal.launching.remote.InternalAntRunner.main(InternalAntRunner.java:137)
	at org.eclipse.lyo.testsuite.server.oslcv2tests.ServiceProviderCatalogBaseTests.invalidContentTypeGivesNotSupportedOPTIONAL(ServiceProviderCatalogBaseTests.java:68)
</failure>
  </testcase>
  <testcase classname="org.eclipse.lyo.testsuite.server.oslcv2tests.ServiceProviderCatalogXmlTests" name="contentTypeIsSuggestedType[0]" time="0.278">
    <failure message="Expected content-type &quot;application/xml&quot; received : application/rdf+xml;charset=UTF-8" type="junit.framework.AssertionFailedError">junit.framework.AssertionFailedError: Expected content-type &quot;application/xml&quot; received : application/rdf+xml;charset=UTF-8
	at org.eclipse.ant.internal.launching.remote.EclipseDefaultExecutor.executeTargets(EclipseDefaultExecutor.java:32)
	at org.eclipse.ant.internal.launching.remote.InternalAntRunner.run(InternalAntRunner.java:423)
	at org.eclipse.ant.internal.launching.remote.InternalAntRunner.main(InternalAntRunner.java:137)
	at org.eclipse.lyo.testsuite.server.oslcv2tests.ServiceProviderCatalogBaseTests.contentTypeIsSuggestedType(ServiceProviderCatalogBaseTests.java:86)
</failure>
  </testcase>
  <testcase classname="org.eclipse.lyo.testsuite.server.oslcv2tests.ServiceProviderCatalogXmlTests" name="misplacedParametersDoNotEffectResponse[0]" time="0.418" />
  <system-out><![CDATA[]]></system-out>
  <system-err><![CDATA[]]></system-err>
</testsuite>
