<?xml version="1.0" encoding="UTF-8"?>
<testsuites>
	<testsuite errors="0" failures="5" hostname="Richard-Bones-MacBook-Pro-2.local" name="org.eclipse.lyo.testsuite.server.oslcv2tests.CreationAndUpdateRdfXmlTests" tests="7" time="2.316" timestamp="2012-01-26T21:40:12">
  <properties>
[...]
</properties>
  <testcase classname="org.eclipse.lyo.testsuite.server.oslcv2tests.CreationAndUpdateRdfXmlTests" name="createResourceWithInvalidContent[0]" time="0.118"/>
  <testcase classname="org.eclipse.lyo.testsuite.server.oslcv2tests.CreationAndUpdateRdfXmlTests" name="createResourceAndUpdateIt[0]" time="0.382">
    <failure message="expected:&lt;201&gt; but was:&lt;500&gt;" type="junit.framework.AssertionFailedError">junit.framework.AssertionFailedError: expected:&lt;201&gt; but was:&lt;500&gt;
	at org.eclipse.ant.internal.ui.antsupport.EclipseDefaultExecutor.executeTargets(EclipseDefaultExecutor.java:32)
	at org.eclipse.ant.internal.ui.antsupport.InternalAntRunner.run(InternalAntRunner.java:423)
	at org.eclipse.ant.internal.ui.antsupport.InternalAntRunner.main(InternalAntRunner.java:137)
	at org.eclipse.lyo.testsuite.server.oslcv2tests.CreationAndUpdateBaseTests.createResource(CreationAndUpdateBaseTests.java:278)
	at org.eclipse.lyo.testsuite.server.oslcv2tests.CreationAndUpdateBaseTests.createResourceAndUpdateIt(CreationAndUpdateBaseTests.java:142)
	at org.eclipse.lyo.testsuite.server.oslcv2tests.CreationAndUpdateRdfXmlTests.createResourceAndUpdateIt(CreationAndUpdateRdfXmlTests.java:88)
</failure>
  </testcase>
  <testcase classname="org.eclipse.lyo.testsuite.server.oslcv2tests.CreationAndUpdateRdfXmlTests" name="updateCreatedResourceWithInvalidContent[0]" time="0.38">
    <failure message="expected:&lt;201&gt; but was:&lt;500&gt;" type="junit.framework.AssertionFailedError">junit.framework.AssertionFailedError: expected:&lt;201&gt; but was:&lt;500&gt;
	at org.eclipse.ant.internal.ui.antsupport.EclipseDefaultExecutor.executeTargets(EclipseDefaultExecutor.java:32)
	at org.eclipse.ant.internal.ui.antsupport.InternalAntRunner.run(InternalAntRunner.java:423)
	at org.eclipse.ant.internal.ui.antsupport.InternalAntRunner.main(InternalAntRunner.java:137)
	at org.eclipse.lyo.testsuite.server.oslcv2tests.CreationAndUpdateBaseTests.createResource(CreationAndUpdateBaseTests.java:278)
	at org.eclipse.lyo.testsuite.server.oslcv2tests.CreationAndUpdateBaseTests.updateCreatedResourceWithInvalidContent(CreationAndUpdateBaseTests.java:191)
	at org.eclipse.lyo.testsuite.server.oslcv2tests.CreationAndUpdateRdfXmlTests.updateCreatedResourceWithInvalidContent(CreationAndUpdateRdfXmlTests.java:94)
</failure>
  </testcase>
  <testcase classname="org.eclipse.lyo.testsuite.server.oslcv2tests.CreationAndUpdateRdfXmlTests" name="updateCreatedResourceWithBadType[0]" time="0.379">
    <failure message="expected:&lt;201&gt; but was:&lt;500&gt;" type="junit.framework.AssertionFailedError">junit.framework.AssertionFailedError: expected:&lt;201&gt; but was:&lt;500&gt;
	at org.eclipse.ant.internal.ui.antsupport.EclipseDefaultExecutor.executeTargets(EclipseDefaultExecutor.java:32)
	at org.eclipse.ant.internal.ui.antsupport.InternalAntRunner.run(InternalAntRunner.java:423)
	at org.eclipse.ant.internal.ui.antsupport.InternalAntRunner.main(InternalAntRunner.java:137)
	at org.eclipse.lyo.testsuite.server.oslcv2tests.CreationAndUpdateBaseTests.createResource(CreationAndUpdateBaseTests.java:278)
	at org.eclipse.lyo.testsuite.server.oslcv2tests.CreationAndUpdateBaseTests.updateCreatedResourceWithBadType(CreationAndUpdateBaseTests.java:233)
	at org.eclipse.lyo.testsuite.server.oslcv2tests.CreationAndUpdateRdfXmlTests.updateCreatedResourceWithBadType(CreationAndUpdateRdfXmlTests.java:101)
</failure>
  </testcase>
  <testcase classname="org.eclipse.lyo.testsuite.server.oslcv2tests.CreationAndUpdateRdfXmlTests" name="updateCreatedResourceWithFailedPrecondition[0]" time="0.377">
    <failure message="expected:&lt;201&gt; but was:&lt;500&gt;" type="junit.framework.AssertionFailedError">junit.framework.AssertionFailedError: expected:&lt;201&gt; but was:&lt;500&gt;
	at org.eclipse.ant.internal.ui.antsupport.EclipseDefaultExecutor.executeTargets(EclipseDefaultExecutor.java:32)
	at org.eclipse.ant.internal.ui.antsupport.InternalAntRunner.run(InternalAntRunner.java:423)
	at org.eclipse.ant.internal.ui.antsupport.InternalAntRunner.main(InternalAntRunner.java:137)
	at org.eclipse.lyo.testsuite.server.oslcv2tests.CreationAndUpdateBaseTests.createResource(CreationAndUpdateBaseTests.java:278)
	at org.eclipse.lyo.testsuite.server.oslcv2tests.CreationAndUpdateBaseTests.updateCreatedResourceWithFailedPrecondition(CreationAndUpdateBaseTests.java:296)
	at org.eclipse.lyo.testsuite.server.oslcv2tests.CreationAndUpdateRdfXmlTests.updateCreatedResourceWithFailedPrecondition(CreationAndUpdateRdfXmlTests.java:109)
</failure>
  </testcase>
  <testcase classname="org.eclipse.lyo.testsuite.server.oslcv2tests.CreationAndUpdateRdfXmlTests" name="createValidResourceUsingRdfXmlTemplate[0]" time="0.387">
    <failure message="&lt;?xml version=&quot;1.0&quot; encoding=&quot;UTF-8&quot; standalone=&quot;yes&quot;?&gt; &lt;?xml-stylesheet type=&quot;text/xsl&quot; href=&quot;https://jbslnxvh02.ottawa.ibm.com:9443/qm/web/com.ibm.rqm.oslc.web/ui/internal/style/ErrorStyle.xsl&quot;?&gt; &lt;rdf:RDF xmlns:oslc_qm=&quot;http://open-services.net/xmlns/qm/1.0/&quot; xmlns:jproc=&quot;http://jazz.net/xmlns/prod/jazz/process/1.0/&quot; xmlns:ns8=&quot;http://open-services.net/ns/qm#&quot; xmlns:rdf=&quot;http://www.w3.org/1999/02/22-rdf-syntax-ns#&quot; xmlns:dcterms=&quot;http://purl.org/dc/terms/&quot; xmlns:oslc_disc=&quot;http://open-services.net/xmlns/discovery/1.0/&quot; xmlns:jpres=&quot;http://jazz.net/xmlns/prod/jazz/presentation/1.0/&quot; xmlns:oslc=&quot;http://open-services.net/ns/core#&quot; xmlns:rqm_qm=&quot;http://jazz.net/xmlns/prod/jazz/rqm/qm/1.0/&quot; xmlns:calm=&quot;http://jazz.net/xmlns/prod/jazz/calm/1.0/&quot; xmlns:dc=&quot;http://purl.org/dc/elements/1.1/&quot;&gt;     &lt;oslc:Error ns12:type=&quot;oslc:Error&quot; xmlns:ns12=&quot;http://www.w3.org/2001/XMLSchema-instance&quot;&gt;         &lt;oslc:statusCode&gt;500&lt;/oslc:statusCode&gt;         &lt;oslc:message&gt;AQXCM5011E Server error executing https://jbslnxvh02.ottawa.ibm.com:9443/qm/oslc_qm/contexts/_BTIYAEhTEeG4vuOH6PdB2g/resources/com.ibm.rqm.planning.VersionedExecutionScript. &lt;/oslc:message&gt;         &lt;rqm_qm:clientLocale&gt;en-us&lt;/rqm_qm:clientLocale&gt;         &lt;rqm_qm:extendedErrorInfo&gt;java.lang.NullPointerException  at com.ibm.rqm.oslc.execution.TestScriptLifecycleManager.create(TestScriptLifecycleManager.java:223)  at com.ibm.rqm.oslc.execution.TestScriptLifecycleManager.create(TestScriptLifecycleManager.java:1)  at sun.reflect.GeneratedMethodAccessor2743.invoke(Unknown Source)  at sun.reflect.DelegatingMethodAccessorImpl.invoke(DelegatingMethodAccessorImpl.java:37)  at java.lang.reflect.Method.invoke(Method.java:611)  at org.eclipse.soda.sat.core.internal.record.ExportProxyServiceRecord.invoke(ExportProxyServiceRecord.java:370)  at org.eclipse.soda.sat.core.internal.record.ExportProxyServiceRecord.access$0(ExportProxyServiceRecord.java:356)  at org.eclipse.soda.sat.core.internal.record.ExportProxyServiceRecord$ExportedServiceInvocationHandler.invoke(ExportProxyServiceRecord.java:56)  at $Proxy2643.create(Unknown Source)  at com.ibm.rqm.oslc.service.OslcService$1.run(OslcService.java:1308)  at com.ibm.rqm.oslc.service.OslcService$1.run(OslcService.java:1)  at com.ibm.team.repository.service.internal.PrimitiveTransactionService$3.run(PrimitiveTransactionService.java:243)  at com.ibm.team.repository.service.internal.rdb.RepositoryDatabase$Transaction.run(RepositoryDatabase.java:465)  at com.ibm.team.repository.service.internal.rdb.RepositoryDatabase$1.run(RepositoryDatabase.java:291)  at com.ibm.team.repository.service.internal.rdb.ConnectionPoolService.withCurrentConnection(ConnectionPoolService.java:379)  at sun.reflect.GeneratedMethodAccessor73.invoke(Unknown Source)  at sun.reflect.DelegatingMethodAccessorImpl.invoke(DelegatingMethodAccessorImpl.java:37)  at java.lang.reflect.Method.invoke(Method.java:611)  at org.eclipse.soda.sat.core.internal.record.ExportProxyServiceRecord.invoke(ExportProxyServiceRecord.java:370)  at org.eclipse.soda.sat.core.internal.record.ExportProxyServiceRecord.access$0(ExportProxyServiceRecord.java:356)  at org.eclipse.soda.sat.core.internal.record.ExportProxyServiceRecord$ExportedServiceInvocationHandler.invoke(ExportProxyServiceRecord.java:56)  at $Proxy44.withCurrentConnection(Unknown Source)  at com.ibm.team.repository.service.internal.rdb.RepositoryDatabase.runTransaction(RepositoryDatabase.java:282)  at com.ibm.team.repository.service.internal.rdb.RepositoryDatabase.runInTransaction(RepositoryDatabase.java:242)  at com.ibm.team.repository.service.internal.PrimitiveTransactionService.runInTransaction(PrimitiveTransactionService.java:115)  at com.ibm.team.repository.service.internal.PrimitiveTransactionService.runInTransaction(PrimitiveTransactionService.java:105)  at sun.reflect.GeneratedMethodAccessor414.invoke(Unknown Source)  at sun.reflect.DelegatingMethodAccessorImpl.invoke(DelegatingMethodAccessorImpl.java:37)  at java.lang.reflect.Method.invoke(Method.java:611)  at org.eclipse.soda.sat.core.internal.record.ExportProxyServiceRecord.invoke(ExportProxyServiceRecord.java:370)  at org.eclipse.soda.sat.core.internal.record.ExportProxyServiceRecord.access$0(ExportProxyServiceRecord.java:356)  at org.eclipse.soda.sat.core.internal.record.ExportProxyServiceRecord$ExportedServiceInvocationHandler.invoke(ExportProxyServiceRecord.java:56)  at $Proxy84.runInTransaction(Unknown Source)  at com.ibm.team.repository.service.internal.TransactionService.runInTransaction(TransactionService.java:37)  at sun.reflect.GeneratedMethodAccessor413.invoke(Unknown Source)  at sun.reflect.DelegatingMethodAccessorImpl.invoke(DelegatingMethodAccessorImpl.java:37)  at java.lang.reflect.Method.invoke(Method.java:611)  at org.eclipse.soda.sat.core.internal.record.ExportProxyServiceRecord.invoke(ExportProxyServiceRecord.java:370)  at org.eclipse.soda.sat.core.internal.record.ExportProxyServiceRecord.access$0(ExportProxyServiceRecord.java:356)  at org.eclipse.soda.sat.core.internal.record.ExportProxyServiceRecord$ExportedServiceInvocationHandler.invoke(ExportProxyServiceRecord.java:56)  at $Proxy94.runInTransaction(Unknown Source)  at com.ibm.rqm.oslc.service.OslcService.handleResourceRequest(OslcService.java:1306)  at com.ibm.rqm.oslc.service.OslcService.handleOslcRequest(OslcService.java:547)  at com.ibm.rqm.oslc.service.OslcService.perform_POST(OslcService.java:357)  at com.ibm.team.repository.service.TeamRawService.service(TeamRawService.java:90)  at sun.reflect.GeneratedMethodAccessor1529.invoke(Unknown Source)  at sun.reflect.DelegatingMethodAccessorImpl.invoke(DelegatingMethodAccessorImpl.java:37)  at java.lang.reflect.Method.invoke(Method.java:611)  at org.eclipse.soda.sat.core.internal.record.ExportProxyServiceRecord.invoke(ExportProxyServiceRecord.java:370)  at org.eclipse.soda.sat.core.internal.record.ExportProxyServiceRecord.access$0(ExportProxyServiceRecord.java:356)  at org.eclipse.soda.sat.core.internal.record.ExportProxyServiceRecord$ExportedServiceInvocationHandler.invoke(ExportProxyServiceRecord.java:56)  at $Proxy2211.service(Unknown Source)  at com.ibm.team.repository.servlet.AbstractTeamServerServlet.doRestService(AbstractTeamServerServlet.java:852)  at com.ibm.team.repository.servlet.AbstractTeamServerServlet.handleRequest2(AbstractTeamServerServlet.java:2186)  at com.ibm.team.repository.servlet.AbstractTeamServerServlet.handleRequest(AbstractTeamServerServlet.java:2043)  at com.ibm.team.repository.servlet.AbstractTeamServerServlet.service(AbstractTeamServerServlet.java:1668)  at javax.servlet.http.HttpServlet.service(HttpServlet.java:722)  at org.eclipse.equinox.http.registry.internal.ServletManager$ServletWrapper.service(ServletManager.java:180)  at org.eclipse.equinox.http.servlet.internal.ServletRegistration.handleRequest(ServletRegistration.java:90)  at org.eclipse.equinox.http.servlet.internal.ProxyServlet.processAlias(ProxyServlet.java:111)  at org.eclipse.equinox.http.servlet.internal.ProxyServlet.service(ProxyServlet.java:75)  at javax.servlet.http.HttpServlet.service(HttpServlet.java:722)  at org.eclipse.equinox.servletbridge.BridgeServlet.service(BridgeServlet.java:120)  at com.ibm.team.repository.server.servletbridge.JazzServlet.service(JazzServlet.java:76)  at javax.servlet.http.HttpServlet.service(HttpServlet.java:722)  at org.apache.catalina.core.ApplicationFilterChain.internalDoFilter(ApplicationFilterChain.java:304)  at org.apache.catalina.core.ApplicationFilterChain.doFilter(ApplicationFilterChain.java:210)  at org.apache.catalina.core.StandardWrapperValve.invoke(StandardWrapperValve.java:224)  at org.apache.catalina.core.StandardContextValve.invoke(StandardContextValve.java:169)  at org.apache.catalina.authenticator.AuthenticatorBase.invoke(AuthenticatorBase.java:581)  at org.apache.catalina.core.StandardHostValve.invoke(StandardHostValve.java:168)  at org.apache.catalina.valves.ErrorReportValve.invoke(ErrorReportValve.java:100)  at org.apache.catalina.authenticator.SingleSignOn.invoke(SingleSignOn.java:335)  at org.apache.catalina.core.StandardEngineValve.invoke(StandardEngineValve.java:118)  at org.apache.catalina.connector.CoyoteAdapter.service(CoyoteAdapter.java:405)  at org.apache.coyote.http11.AbstractHttp11Processor.process(AbstractHttp11Processor.java:964)  at org.apache.coyote.AbstractProtocol$AbstractConnectionHandler.process(AbstractProtocol.java:515)  at org.apache.tomcat.util.net.JIoEndpoint$SocketProcessor.run(JIoEndpoint.java:302)  at java.util.concurrent.ThreadPoolExecutor$Worker.runTask(ThreadPoolExecutor.java:897)  at java.util.concurrent.ThreadPoolExecutor$Worker.run(ThreadPoolExecutor.java:919)  at java.lang.Thread.run(Thread.java:736) &lt;/rqm_qm:extendedErrorInfo&gt;     &lt;/oslc:Error&gt; &lt;/rdf:RDF&gt; expected:&lt;201&gt; but was:&lt;500&gt;" type="junit.framework.AssertionFailedError">junit.framework.AssertionFailedError: &lt;?xml version="1.0" encoding="UTF-8" standalone="yes"?&gt;
&lt;?xml-stylesheet type="text/xsl" href="https://jbslnxvh02.ottawa.ibm.com:9443/qm/web/com.ibm.rqm.oslc.web/ui/internal/style/ErrorStyle.xsl"?&gt;
&lt;rdf:RDF xmlns:oslc_qm="http://open-services.net/xmlns/qm/1.0/" xmlns:jproc="http://jazz.net/xmlns/prod/jazz/process/1.0/" xmlns:ns8="http://open-services.net/ns/qm#" xmlns:rdf="http://www.w3.org/1999/02/22-rdf-syntax-ns#" xmlns:dcterms="http://purl.org/dc/terms/" xmlns:oslc_disc="http://open-services.net/xmlns/discovery/1.0/" xmlns:jpres="http://jazz.net/xmlns/prod/jazz/presentation/1.0/" xmlns:oslc="http://open-services.net/ns/core#" xmlns:rqm_qm="http://jazz.net/xmlns/prod/jazz/rqm/qm/1.0/" xmlns:calm="http://jazz.net/xmlns/prod/jazz/calm/1.0/" xmlns:dc="http://purl.org/dc/elements/1.1/"&gt;
    &lt;oslc:Error ns12:type="oslc:Error" xmlns:ns12="http://www.w3.org/2001/XMLSchema-instance"&gt;
        &lt;oslc:statusCode&gt;500&lt;/oslc:statusCode&gt;
        &lt;oslc:message&gt;AQXCM5011E Server error executing https://jbslnxvh02.ottawa.ibm.com:9443/qm/oslc_qm/contexts/_BTIYAEhTEeG4vuOH6PdB2g/resources/com.ibm.rqm.planning.VersionedExecutionScript. &lt;/oslc:message&gt;
        &lt;rqm_qm:clientLocale&gt;en-us&lt;/rqm_qm:clientLocale&gt;
        &lt;rqm_qm:extendedErrorInfo&gt;java.lang.NullPointerException
	at com.ibm.rqm.oslc.execution.TestScriptLifecycleManager.create(TestScriptLifecycleManager.java:223)
	at com.ibm.rqm.oslc.execution.TestScriptLifecycleManager.create(TestScriptLifecycleManager.java:1)
	at org.eclipse.soda.sat.core.internal.record.ExportProxyServiceRecord.invoke(ExportProxyServiceRecord.java:370)
	at org.eclipse.soda.sat.core.internal.record.ExportProxyServiceRecord.access$0(ExportProxyServiceRecord.java:356)
	at org.eclipse.soda.sat.core.internal.record.ExportProxyServiceRecord$ExportedServiceInvocationHandler.invoke(ExportProxyServiceRecord.java:56)
	at $Proxy2643.create(Unknown Source)
	at com.ibm.rqm.oslc.service.OslcService$1.run(OslcService.java:1308)
	at com.ibm.rqm.oslc.service.OslcService$1.run(OslcService.java:1)
	at com.ibm.team.repository.service.internal.PrimitiveTransactionService$3.run(PrimitiveTransactionService.java:243)
	at com.ibm.team.repository.service.internal.rdb.RepositoryDatabase$Transaction.run(RepositoryDatabase.java:465)
	at com.ibm.team.repository.service.internal.rdb.RepositoryDatabase$1.run(RepositoryDatabase.java:291)
	at com.ibm.team.repository.service.internal.rdb.ConnectionPoolService.withCurrentConnection(ConnectionPoolService.java:379)
	at org.eclipse.soda.sat.core.internal.record.ExportProxyServiceRecord.invoke(ExportProxyServiceRecord.java:370)
	at org.eclipse.soda.sat.core.internal.record.ExportProxyServiceRecord.access$0(ExportProxyServiceRecord.java:356)
	at org.eclipse.soda.sat.core.internal.record.ExportProxyServiceRecord$ExportedServiceInvocationHandler.invoke(ExportProxyServiceRecord.java:56)
	at $Proxy44.withCurrentConnection(Unknown Source)
	at com.ibm.team.repository.service.internal.rdb.RepositoryDatabase.runTransaction(RepositoryDatabase.java:282)
	at com.ibm.team.repository.service.internal.rdb.RepositoryDatabase.runInTransaction(RepositoryDatabase.java:242)
	at com.ibm.team.repository.service.internal.PrimitiveTransactionService.runInTransaction(PrimitiveTransactionService.java:115)
	at com.ibm.team.repository.service.internal.PrimitiveTransactionService.runInTransaction(PrimitiveTransactionService.java:105)
	at org.eclipse.soda.sat.core.internal.record.ExportProxyServiceRecord.invoke(ExportProxyServiceRecord.java:370)
	at org.eclipse.soda.sat.core.internal.record.ExportProxyServiceRecord.access$0(ExportProxyServiceRecord.java:356)
	at org.eclipse.soda.sat.core.internal.record.ExportProxyServiceRecord$ExportedServiceInvocationHandler.invoke(ExportProxyServiceRecord.java:56)
	at $Proxy84.runInTransaction(Unknown Source)
	at com.ibm.team.repository.service.internal.TransactionService.runInTransaction(TransactionService.java:37)
	at org.eclipse.soda.sat.core.internal.record.ExportProxyServiceRecord.invoke(ExportProxyServiceRecord.java:370)
	at org.eclipse.soda.sat.core.internal.record.ExportProxyServiceRecord.access$0(ExportProxyServiceRecord.java:356)
	at org.eclipse.soda.sat.core.internal.record.ExportProxyServiceRecord$ExportedServiceInvocationHandler.invoke(ExportProxyServiceRecord.java:56)
	at $Proxy94.runInTransaction(Unknown Source)
	at com.ibm.rqm.oslc.service.OslcService.handleResourceRequest(OslcService.java:1306)
	at com.ibm.rqm.oslc.service.OslcService.handleOslcRequest(OslcService.java:547)
	at com.ibm.rqm.oslc.service.OslcService.perform_POST(OslcService.java:357)
	at com.ibm.team.repository.service.TeamRawService.service(TeamRawService.java:90)
	at org.eclipse.soda.sat.core.internal.record.ExportProxyServiceRecord.invoke(ExportProxyServiceRecord.java:370)
	at org.eclipse.soda.sat.core.internal.record.ExportProxyServiceRecord.access$0(ExportProxyServiceRecord.java:356)
	at org.eclipse.soda.sat.core.internal.record.ExportProxyServiceRecord$ExportedServiceInvocationHandler.invoke(ExportProxyServiceRecord.java:56)
	at $Proxy2211.service(Unknown Source)
	at com.ibm.team.repository.servlet.AbstractTeamServerServlet.doRestService(AbstractTeamServerServlet.java:852)
	at com.ibm.team.repository.servlet.AbstractTeamServerServlet.handleRequest2(AbstractTeamServerServlet.java:2186)
	at com.ibm.team.repository.servlet.AbstractTeamServerServlet.handleRequest(AbstractTeamServerServlet.java:2043)
	at com.ibm.team.repository.servlet.AbstractTeamServerServlet.service(AbstractTeamServerServlet.java:1668)
	at javax.servlet.http.HttpServlet.service(HttpServlet.java:722)
	at org.eclipse.equinox.http.registry.internal.ServletManager$ServletWrapper.service(ServletManager.java:180)
	at org.eclipse.equinox.http.servlet.internal.ServletRegistration.handleRequest(ServletRegistration.java:90)
	at org.eclipse.equinox.http.servlet.internal.ProxyServlet.processAlias(ProxyServlet.java:111)
	at org.eclipse.equinox.http.servlet.internal.ProxyServlet.service(ProxyServlet.java:75)
	at javax.servlet.http.HttpServlet.service(HttpServlet.java:722)
	at org.eclipse.equinox.servletbridge.BridgeServlet.service(BridgeServlet.java:120)
	at com.ibm.team.repository.server.servletbridge.JazzServlet.service(JazzServlet.java:76)
	at javax.servlet.http.HttpServlet.service(HttpServlet.java:722)
	at org.apache.catalina.core.ApplicationFilterChain.internalDoFilter(ApplicationFilterChain.java:304)
	at org.apache.catalina.core.ApplicationFilterChain.doFilter(ApplicationFilterChain.java:210)
	at org.apache.catalina.core.StandardWrapperValve.invoke(StandardWrapperValve.java:224)
	at org.apache.catalina.core.StandardContextValve.invoke(StandardContextValve.java:169)
	at org.apache.catalina.authenticator.AuthenticatorBase.invoke(AuthenticatorBase.java:581)
	at org.apache.catalina.core.StandardHostValve.invoke(StandardHostValve.java:168)
	at org.apache.catalina.valves.ErrorReportValve.invoke(ErrorReportValve.java:100)
	at org.apache.catalina.authenticator.SingleSignOn.invoke(SingleSignOn.java:335)
	at org.apache.catalina.core.StandardEngineValve.invoke(StandardEngineValve.java:118)
	at org.apache.catalina.connector.CoyoteAdapter.service(CoyoteAdapter.java:405)
	at org.apache.coyote.http11.AbstractHttp11Processor.process(AbstractHttp11Processor.java:964)
	at org.apache.coyote.AbstractProtocol$AbstractConnectionHandler.process(AbstractProtocol.java:515)
	at org.apache.tomcat.util.net.JIoEndpoint$SocketProcessor.run(JIoEndpoint.java:302)
	at java.util.concurrent.ThreadPoolExecutor$Worker.runTask(ThreadPoolExecutor.java:897)
	at java.util.concurrent.ThreadPoolExecutor$Worker.run(ThreadPoolExecutor.java:919)
	at java.lang.Thread.run(Thread.java:736)
&lt;/rqm_qm:extendedErrorInfo&gt;
    &lt;/oslc:Error&gt;
&lt;/rdf:RDF&gt; expected:&lt;201&gt; but was:&lt;500&gt;
	at org.eclipse.ant.internal.ui.antsupport.EclipseDefaultExecutor.executeTargets(EclipseDefaultExecutor.java:32)
	at org.eclipse.ant.internal.ui.antsupport.InternalAntRunner.run(InternalAntRunner.java:423)
	at org.eclipse.ant.internal.ui.antsupport.InternalAntRunner.main(InternalAntRunner.java:137)
&lt;?xml-stylesheet type="text/xsl" href="https://jbslnxvh02.ottawa.ibm.com:9443/qm/web/com.ibm.rqm.oslc.web/ui/internal/style/ErrorStyle.xsl"?&gt;
&lt;rdf:RDF xmlns:oslc_qm="http://open-services.net/xmlns/qm/1.0/" xmlns:jproc="http://jazz.net/xmlns/prod/jazz/process/1.0/" xmlns:ns8="http://open-services.net/ns/qm#" xmlns:rdf="http://www.w3.org/1999/02/22-rdf-syntax-ns#" xmlns:dcterms="http://purl.org/dc/terms/" xmlns:oslc_disc="http://open-services.net/xmlns/discovery/1.0/" xmlns:jpres="http://jazz.net/xmlns/prod/jazz/presentation/1.0/" xmlns:oslc="http://open-services.net/ns/core#" xmlns:rqm_qm="http://jazz.net/xmlns/prod/jazz/rqm/qm/1.0/" xmlns:calm="http://jazz.net/xmlns/prod/jazz/calm/1.0/" xmlns:dc="http://purl.org/dc/elements/1.1/"&gt;
    &lt;oslc:Error ns12:type="oslc:Error" xmlns:ns12="http://www.w3.org/2001/XMLSchema-instance"&gt;
        &lt;oslc:statusCode&gt;500&lt;/oslc:statusCode&gt;
        &lt;oslc:message&gt;AQXCM5011E Server error executing https://jbslnxvh02.ottawa.ibm.com:9443/qm/oslc_qm/contexts/_BTIYAEhTEeG4vuOH6PdB2g/resources/com.ibm.rqm.planning.VersionedExecutionScript. &lt;/oslc:message&gt;
        &lt;rqm_qm:clientLocale&gt;en-us&lt;/rqm_qm:clientLocale&gt;
        &lt;rqm_qm:extendedErrorInfo&gt;java.lang.NullPointerException
	at com.ibm.rqm.oslc.execution.TestScriptLifecycleManager.create(TestScriptLifecycleManager.java:223)
	at com.ibm.rqm.oslc.execution.TestScriptLifecycleManager.create(TestScriptLifecycleManager.java:1)
	at org.eclipse.soda.sat.core.internal.record.ExportProxyServiceRecord.invoke(ExportProxyServiceRecord.java:370)
	at org.eclipse.soda.sat.core.internal.record.ExportProxyServiceRecord.access$0(ExportProxyServiceRecord.java:356)
	at org.eclipse.soda.sat.core.internal.record.ExportProxyServiceRecord$ExportedServiceInvocationHandler.invoke(ExportProxyServiceRecord.java:56)
	at $Proxy2643.create(Unknown Source)
	at com.ibm.rqm.oslc.service.OslcService$1.run(OslcService.java:1308)
	at com.ibm.rqm.oslc.service.OslcService$1.run(OslcService.java:1)
	at com.ibm.team.repository.service.internal.PrimitiveTransactionService$3.run(PrimitiveTransactionService.java:243)
	at com.ibm.team.repository.service.internal.rdb.RepositoryDatabase$Transaction.run(RepositoryDatabase.java:465)
	at com.ibm.team.repository.service.internal.rdb.RepositoryDatabase$1.run(RepositoryDatabase.java:291)
	at com.ibm.team.repository.service.internal.rdb.ConnectionPoolService.withCurrentConnection(ConnectionPoolService.java:379)
	at org.eclipse.soda.sat.core.internal.record.ExportProxyServiceRecord.invoke(ExportProxyServiceRecord.java:370)
	at org.eclipse.soda.sat.core.internal.record.ExportProxyServiceRecord.access$0(ExportProxyServiceRecord.java:356)
	at org.eclipse.soda.sat.core.internal.record.ExportProxyServiceRecord$ExportedServiceInvocationHandler.invoke(ExportProxyServiceRecord.java:56)
	at $Proxy44.withCurrentConnection(Unknown Source)
	at com.ibm.team.repository.service.internal.rdb.RepositoryDatabase.runTransaction(RepositoryDatabase.java:282)
	at com.ibm.team.repository.service.internal.rdb.RepositoryDatabase.runInTransaction(RepositoryDatabase.java:242)
	at com.ibm.team.repository.service.internal.PrimitiveTransactionService.runInTransaction(PrimitiveTransactionService.java:115)
	at com.ibm.team.repository.service.internal.PrimitiveTransactionService.runInTransaction(PrimitiveTransactionService.java:105)
	at org.eclipse.soda.sat.core.internal.record.ExportProxyServiceRecord.invoke(ExportProxyServiceRecord.java:370)
	at org.eclipse.soda.sat.core.internal.record.ExportProxyServiceRecord.access$0(ExportProxyServiceRecord.java:356)
	at org.eclipse.soda.sat.core.internal.record.ExportProxyServiceRecord$ExportedServiceInvocationHandler.invoke(ExportProxyServiceRecord.java:56)
	at $Proxy84.runInTransaction(Unknown Source)
	at com.ibm.team.repository.service.internal.TransactionService.runInTransaction(TransactionService.java:37)
	at org.eclipse.soda.sat.core.internal.record.ExportProxyServiceRecord.invoke(ExportProxyServiceRecord.java:370)
	at org.eclipse.soda.sat.core.internal.record.ExportProxyServiceRecord.access$0(ExportProxyServiceRecord.java:356)
	at org.eclipse.soda.sat.core.internal.record.ExportProxyServiceRecord$ExportedServiceInvocationHandler.invoke(ExportProxyServiceRecord.java:56)
	at $Proxy94.runInTransaction(Unknown Source)
	at com.ibm.rqm.oslc.service.OslcService.handleResourceRequest(OslcService.java:1306)
	at com.ibm.rqm.oslc.service.OslcService.handleOslcRequest(OslcService.java:547)
	at com.ibm.rqm.oslc.service.OslcService.perform_POST(OslcService.java:357)
	at com.ibm.team.repository.service.TeamRawService.service(TeamRawService.java:90)
	at org.eclipse.soda.sat.core.internal.record.ExportProxyServiceRecord.invoke(ExportProxyServiceRecord.java:370)
	at org.eclipse.soda.sat.core.internal.record.ExportProxyServiceRecord.access$0(ExportProxyServiceRecord.java:356)
	at org.eclipse.soda.sat.core.internal.record.ExportProxyServiceRecord$ExportedServiceInvocationHandler.invoke(ExportProxyServiceRecord.java:56)
	at $Proxy2211.service(Unknown Source)
	at com.ibm.team.repository.servlet.AbstractTeamServerServlet.doRestService(AbstractTeamServerServlet.java:852)
	at com.ibm.team.repository.servlet.AbstractTeamServerServlet.handleRequest2(AbstractTeamServerServlet.java:2186)
	at com.ibm.team.repository.servlet.AbstractTeamServerServlet.handleRequest(AbstractTeamServerServlet.java:2043)
	at com.ibm.team.repository.servlet.AbstractTeamServerServlet.service(AbstractTeamServerServlet.java:1668)
	at javax.servlet.http.HttpServlet.service(HttpServlet.java:722)
	at org.eclipse.equinox.http.registry.internal.ServletManager$ServletWrapper.service(ServletManager.java:180)
	at org.eclipse.equinox.http.servlet.internal.ServletRegistration.handleRequest(ServletRegistration.java:90)
	at org.eclipse.equinox.http.servlet.internal.ProxyServlet.processAlias(ProxyServlet.java:111)
	at org.eclipse.equinox.http.servlet.internal.ProxyServlet.service(ProxyServlet.java:75)
	at javax.servlet.http.HttpServlet.service(HttpServlet.java:722)
	at org.eclipse.equinox.servletbridge.BridgeServlet.service(BridgeServlet.java:120)
	at com.ibm.team.repository.server.servletbridge.JazzServlet.service(JazzServlet.java:76)
	at javax.servlet.http.HttpServlet.service(HttpServlet.java:722)
	at org.apache.catalina.core.ApplicationFilterChain.internalDoFilter(ApplicationFilterChain.java:304)
	at org.apache.catalina.core.ApplicationFilterChain.doFilter(ApplicationFilterChain.java:210)
	at org.apache.catalina.core.StandardWrapperValve.invoke(StandardWrapperValve.java:224)
	at org.apache.catalina.core.StandardContextValve.invoke(StandardContextValve.java:169)
	at org.apache.catalina.authenticator.AuthenticatorBase.invoke(AuthenticatorBase.java:581)
	at org.apache.catalina.core.StandardHostValve.invoke(StandardHostValve.java:168)
	at org.apache.catalina.valves.ErrorReportValve.invoke(ErrorReportValve.java:100)
	at org.apache.catalina.authenticator.SingleSignOn.invoke(SingleSignOn.java:335)
	at org.apache.catalina.core.StandardEngineValve.invoke(StandardEngineValve.java:118)
	at org.apache.catalina.connector.CoyoteAdapter.service(CoyoteAdapter.java:405)
	at org.apache.coyote.http11.AbstractHttp11Processor.process(AbstractHttp11Processor.java:964)
	at org.apache.coyote.AbstractProtocol$AbstractConnectionHandler.process(AbstractProtocol.java:515)
	at org.apache.tomcat.util.net.JIoEndpoint$SocketProcessor.run(JIoEndpoint.java:302)
	at java.util.concurrent.ThreadPoolExecutor$Worker.runTask(ThreadPoolExecutor.java:897)
	at java.util.concurrent.ThreadPoolExecutor$Worker.run(ThreadPoolExecutor.java:919)
	at java.lang.Thread.run(Thread.java:736)
&lt;/rqm_qm:extendedErrorInfo&gt;
    &lt;/oslc:Error&gt;
&lt;/rdf:RDF&gt; expected:&lt;201&gt; but was:&lt;500&gt;
	at org.eclipse.lyo.testsuite.server.oslcv2tests.CreationAndUpdateBaseTests.createValidResourceUsingTemplate(CreationAndUpdateBaseTests.java:112)
	at org.eclipse.lyo.testsuite.server.oslcv2tests.CreationAndUpdateRdfXmlTests.createValidResourceUsingRdfXmlTemplate(CreationAndUpdateRdfXmlTests.java:76)
</failure>
  </testcase>
  <testcase classname="org.eclipse.lyo.testsuite.server.oslcv2tests.CreationAndUpdateRdfXmlTests" name="createResourceWithInvalidContentType[0]" time="0.287"/>
  <system-out>&lt;?xml-stylesheet type="text/xsl" href="https://jbslnxvh02.ottawa.ibm.com:9443/qm/web/com.ibm.rqm.oslc.web/ui/internal/style/ErrorStyle.xsl"?&gt;
&lt;rdf:RDF xmlns:oslc_qm="http://open-services.net/xmlns/qm/1.0/" xmlns:jproc="http://jazz.net/xmlns/prod/jazz/process/1.0/" xmlns:ns8="http://open-services.net/ns/qm#" xmlns:rdf="http://www.w3.org/1999/02/22-rdf-syntax-ns#" xmlns:dcterms="http://purl.org/dc/terms/" xmlns:oslc_disc="http://open-services.net/xmlns/discovery/1.0/" xmlns:jpres="http://jazz.net/xmlns/prod/jazz/presentation/1.0/" xmlns:oslc="http://open-services.net/ns/core#" xmlns:rqm_qm="http://jazz.net/xmlns/prod/jazz/rqm/qm/1.0/" xmlns:calm="http://jazz.net/xmlns/prod/jazz/calm/1.0/" xmlns:dc="http://purl.org/dc/elements/1.1/"&gt;
    &lt;oslc:Error ns12:type="oslc:Error" xmlns:ns12="http://www.w3.org/2001/XMLSchema-instance"&gt;
        &lt;oslc:statusCode&gt;500&lt;/oslc:statusCode&gt;
        &lt;oslc:message&gt;AQXCM5011E Server error executing https://jbslnxvh02.ottawa.ibm.com:9443/qm/oslc_qm/contexts/_BTIYAEhTEeG4vuOH6PdB2g/resources/com.ibm.rqm.planning.VersionedExecutionScript. &lt;/oslc:message&gt;
        &lt;rqm_qm:clientLocale&gt;en-us&lt;/rqm_qm:clientLocale&gt;
        &lt;rqm_qm:extendedErrorInfo&gt;java.lang.NullPointerException
	at com.ibm.rqm.oslc.execution.TestScriptLifecycleManager.create(TestScriptLifecycleManager.java:223)
	at com.ibm.rqm.oslc.execution.TestScriptLifecycleManager.create(TestScriptLifecycleManager.java:1)
	at sun.reflect.GeneratedMethodAccessor2743.invoke(Unknown Source)
	at sun.reflect.DelegatingMethodAccessorImpl.invoke(DelegatingMethodAccessorImpl.java:37)
	at java.lang.reflect.Method.invoke(Method.java:611)
	at org.eclipse.soda.sat.core.internal.record.ExportProxyServiceRecord.invoke(ExportProxyServiceRecord.java:370)
	at org.eclipse.soda.sat.core.internal.record.ExportProxyServiceRecord.access$0(ExportProxyServiceRecord.java:356)
	at org.eclipse.soda.sat.core.internal.record.ExportProxyServiceRecord$ExportedServiceInvocationHandler.invoke(ExportProxyServiceRecord.java:56)
	at $Proxy2643.create(Unknown Source)
	at com.ibm.rqm.oslc.service.OslcService$1.run(OslcService.java:1308)
	at com.ibm.rqm.oslc.service.OslcService$1.run(OslcService.java:1)
	at com.ibm.team.repository.service.internal.PrimitiveTransactionService$3.run(PrimitiveTransactionService.java:243)
	at com.ibm.team.repository.service.internal.rdb.RepositoryDatabase$Transaction.run(RepositoryDatabase.java:465)
	at com.ibm.team.repository.service.internal.rdb.RepositoryDatabase$1.run(RepositoryDatabase.java:291)
	at com.ibm.team.repository.service.internal.rdb.ConnectionPoolService.withCurrentConnection(ConnectionPoolService.java:379)
	at sun.reflect.GeneratedMethodAccessor73.invoke(Unknown Source)
	at sun.reflect.DelegatingMethodAccessorImpl.invoke(DelegatingMethodAccessorImpl.java:37)
	at java.lang.reflect.Method.invoke(Method.java:611)
	at org.eclipse.soda.sat.core.internal.record.ExportProxyServiceRecord.invoke(ExportProxyServiceRecord.java:370)
	at org.eclipse.soda.sat.core.internal.record.ExportProxyServiceRecord.access$0(ExportProxyServiceRecord.java:356)
	at org.eclipse.soda.sat.core.internal.record.ExportProxyServiceRecord$ExportedServiceInvocationHandler.invoke(ExportProxyServiceRecord.java:56)
	at $Proxy44.withCurrentConnection(Unknown Source)
	at com.ibm.team.repository.service.internal.rdb.RepositoryDatabase.runTransaction(RepositoryDatabase.java:282)
	at com.ibm.team.repository.service.internal.rdb.RepositoryDatabase.runInTransaction(RepositoryDatabase.java:242)
	at com.ibm.team.repository.service.internal.PrimitiveTransactionService.runInTransaction(PrimitiveTransactionService.java:115)
	at com.ibm.team.repository.service.internal.PrimitiveTransactionService.runInTransaction(PrimitiveTransactionService.java:105)
	at sun.reflect.GeneratedMethodAccessor414.invoke(Unknown Source)
	at sun.reflect.DelegatingMethodAccessorImpl.invoke(DelegatingMethodAccessorImpl.java:37)
	at java.lang.reflect.Method.invoke(Method.java:611)
	at org.eclipse.soda.sat.core.internal.record.ExportProxyServiceRecord.invoke(ExportProxyServiceRecord.java:370)
	at org.eclipse.soda.sat.core.internal.record.ExportProxyServiceRecord.access$0(ExportProxyServiceRecord.java:356)
	at org.eclipse.soda.sat.core.internal.record.ExportProxyServiceRecord$ExportedServiceInvocationHandler.invoke(ExportProxyServiceRecord.java:56)
	at $Proxy84.runInTransaction(Unknown Source)
	at com.ibm.team.repository.service.internal.TransactionService.runInTransaction(TransactionService.java:37)
	at sun.reflect.GeneratedMethodAccessor413.invoke(Unknown Source)
	at sun.reflect.DelegatingMethodAccessorImpl.invoke(DelegatingMethodAccessorImpl.java:37)
	at java.lang.reflect.Method.invoke(Method.java:611)
	at org.eclipse.soda.sat.core.internal.record.ExportProxyServiceRecord.invoke(ExportProxyServiceRecord.java:370)
	at org.eclipse.soda.sat.core.internal.record.ExportProxyServiceRecord.access$0(ExportProxyServiceRecord.java:356)
	at org.eclipse.soda.sat.core.internal.record.ExportProxyServiceRecord$ExportedServiceInvocationHandler.invoke(ExportProxyServiceRecord.java:56)
	at $Proxy94.runInTransaction(Unknown Source)
	at com.ibm.rqm.oslc.service.OslcService.handleResourceRequest(OslcService.java:1306)
	at com.ibm.rqm.oslc.service.OslcService.handleOslcRequest(OslcService.java:547)
	at com.ibm.rqm.oslc.service.OslcService.perform_POST(OslcService.java:357)
	at com.ibm.team.repository.service.TeamRawService.service(TeamRawService.java:90)
	at sun.reflect.GeneratedMethodAccessor1529.invoke(Unknown Source)
	at sun.reflect.DelegatingMethodAccessorImpl.invoke(DelegatingMethodAccessorImpl.java:37)
	at java.lang.reflect.Method.invoke(Method.java:611)
	at org.eclipse.soda.sat.core.internal.record.ExportProxyServiceRecord.invoke(ExportProxyServiceRecord.java:370)
	at org.eclipse.soda.sat.core.internal.record.ExportProxyServiceRecord.access$0(ExportProxyServiceRecord.java:356)
	at org.eclipse.soda.sat.core.internal.record.ExportProxyServiceRecord$ExportedServiceInvocationHandler.invoke(ExportProxyServiceRecord.java:56)
	at $Proxy2211.service(Unknown Source)
	at com.ibm.team.repository.servlet.AbstractTeamServerServlet.doRestService(AbstractTeamServerServlet.java:852)
	at com.ibm.team.repository.servlet.AbstractTeamServerServlet.handleRequest2(AbstractTeamServerServlet.java:2186)
	at com.ibm.team.repository.servlet.AbstractTeamServerServlet.handleRequest(AbstractTeamServerServlet.java:2043)
	at com.ibm.team.repository.servlet.AbstractTeamServerServlet.service(AbstractTeamServerServlet.java:1668)
	at javax.servlet.http.HttpServlet.service(HttpServlet.java:722)
	at org.eclipse.equinox.http.registry.internal.ServletManager$ServletWrapper.service(ServletManager.java:180)
	at org.eclipse.equinox.http.servlet.internal.ServletRegistration.handleRequest(ServletRegistration.java:90)
	at org.eclipse.equinox.http.servlet.internal.ProxyServlet.processAlias(ProxyServlet.java:111)
	at org.eclipse.equinox.http.servlet.internal.ProxyServlet.service(ProxyServlet.java:75)
	at javax.servlet.http.HttpServlet.service(HttpServlet.java:722)
	at org.eclipse.equinox.servletbridge.BridgeServlet.service(BridgeServlet.java:120)
	at com.ibm.team.repository.server.servletbridge.JazzServlet.service(JazzServlet.java:76)
	at javax.servlet.http.HttpServlet.service(HttpServlet.java:722)
	at org.apache.catalina.core.ApplicationFilterChain.internalDoFilter(ApplicationFilterChain.java:304)
	at org.apache.catalina.core.ApplicationFilterChain.doFilter(ApplicationFilterChain.java:210)
	at org.apache.catalina.core.StandardWrapperValve.invoke(StandardWrapperValve.java:224)
	at org.apache.catalina.core.StandardContextValve.invoke(StandardContextValve.java:169)
	at org.apache.catalina.authenticator.AuthenticatorBase.invoke(AuthenticatorBase.java:581)
	at org.apache.catalina.core.StandardHostValve.invoke(StandardHostValve.java:168)
	at org.apache.catalina.valves.ErrorReportValve.invoke(ErrorReportValve.java:100)
	at org.apache.catalina.authenticator.SingleSignOn.invoke(SingleSignOn.java:335)
	at org.apache.catalina.core.StandardEngineValve.invoke(StandardEngineValve.java:118)
	at org.apache.catalina.connector.CoyoteAdapter.service(CoyoteAdapter.java:405)
	at org.apache.coyote.http11.AbstractHttp11Processor.process(AbstractHttp11Processor.java:964)
	at org.apache.coyote.AbstractProtocol$AbstractConnectionHandler.process(AbstractProtocol.java:515)
	at org.apache.tomcat.util.net.JIoEndpoint$SocketProcessor.run(JIoEndpoint.java:302)
	at java.util.concurrent.ThreadPoolExecutor$Worker.runTask(ThreadPoolExecutor.java:897)
	at java.util.concurrent.ThreadPoolExecutor$Worker.run(ThreadPoolExecutor.java:919)
	at java.lang.Thread.run(Thread.java:736)
&lt;/rqm_qm:extendedErrorInfo&gt;
    &lt;/oslc:Error&gt;
&lt;/rdf:RDF&gt; expected:&lt;201&gt; but was:&lt;500&gt;)
</system-out>
  <system-err/>
</testsuite>
	<testsuite errors="0" failures="5" hostname="Richard-Bones-MacBook-Pro-2.local" name="org.eclipse.lyo.testsuite.server.oslcv2tests.CreationAndUpdateXmlTests" tests="7" time="0.763" timestamp="2012-01-26T21:40:08">
  <properties>
[...]
</properties>
  <testcase classname="org.eclipse.lyo.testsuite.server.oslcv2tests.CreationAndUpdateXmlTests" name="createValidResourceUsingTemplate[0]" time="0.115">
    <failure message="&lt;?xml version=&quot;1.0&quot; encoding=&quot;UTF-8&quot; standalone=&quot;yes&quot;?&gt; &lt;?xml-stylesheet type=&quot;text/xsl&quot; href=&quot;https://jbslnxvh02.ottawa.ibm.com:9443/qm/web/com.ibm.rqm.oslc.web/ui/internal/style/ErrorStyle.xsl&quot;?&gt; &lt;rdf:RDF xmlns:oslc_qm=&quot;http://open-services.net/xmlns/qm/1.0/&quot; xmlns:jproc=&quot;http://jazz.net/xmlns/prod/jazz/process/1.0/&quot; xmlns:ns8=&quot;http://open-services.net/ns/qm#&quot; xmlns:rdf=&quot;http://www.w3.org/1999/02/22-rdf-syntax-ns#&quot; xmlns:dcterms=&quot;http://purl.org/dc/terms/&quot; xmlns:oslc_disc=&quot;http://open-services.net/xmlns/discovery/1.0/&quot; xmlns:jpres=&quot;http://jazz.net/xmlns/prod/jazz/presentation/1.0/&quot; xmlns:oslc=&quot;http://open-services.net/ns/core#&quot; xmlns:rqm_qm=&quot;http://jazz.net/xmlns/prod/jazz/rqm/qm/1.0/&quot; xmlns:calm=&quot;http://jazz.net/xmlns/prod/jazz/calm/1.0/&quot; xmlns:dc=&quot;http://purl.org/dc/elements/1.1/&quot;&gt;     &lt;oslc:Error ns12:type=&quot;oslc:Error&quot; xmlns:ns12=&quot;http://www.w3.org/2001/XMLSchema-instance&quot;&gt;         &lt;oslc:statusCode&gt;415&lt;/oslc:statusCode&gt;         &lt;oslc:message&gt;AQXCM5010E Client error executing https://jbslnxvh02.ottawa.ibm.com:9443/qm/oslc_qm/contexts/_uxvyYEhQEeG4vuOH6PdB2g/resources/com.ibm.rqm.planning.VersionedTestCase.&lt;/oslc:message&gt;         &lt;rqm_qm:clientLocale&gt;en-us&lt;/rqm_qm:clientLocale&gt;         &lt;rqm_qm:extendedErrorInfo&gt;&lt;/rqm_qm:extendedErrorInfo&gt;     &lt;/oslc:Error&gt; &lt;/rdf:RDF&gt; expected:&lt;201&gt; but was:&lt;415&gt;" type="junit.framework.AssertionFailedError">junit.framework.AssertionFailedError: &lt;?xml version="1.0" encoding="UTF-8" standalone="yes"?&gt;
&lt;?xml-stylesheet type="text/xsl" href="https://jbslnxvh02.ottawa.ibm.com:9443/qm/web/com.ibm.rqm.oslc.web/ui/internal/style/ErrorStyle.xsl"?&gt;
&lt;rdf:RDF xmlns:oslc_qm="http://open-services.net/xmlns/qm/1.0/" xmlns:jproc="http://jazz.net/xmlns/prod/jazz/process/1.0/" xmlns:ns8="http://open-services.net/ns/qm#" xmlns:rdf="http://www.w3.org/1999/02/22-rdf-syntax-ns#" xmlns:dcterms="http://purl.org/dc/terms/" xmlns:oslc_disc="http://open-services.net/xmlns/discovery/1.0/" xmlns:jpres="http://jazz.net/xmlns/prod/jazz/presentation/1.0/" xmlns:oslc="http://open-services.net/ns/core#" xmlns:rqm_qm="http://jazz.net/xmlns/prod/jazz/rqm/qm/1.0/" xmlns:calm="http://jazz.net/xmlns/prod/jazz/calm/1.0/" xmlns:dc="http://purl.org/dc/elements/1.1/"&gt;
    &lt;oslc:Error ns12:type="oslc:Error" xmlns:ns12="http://www.w3.org/2001/XMLSchema-instance"&gt;
        &lt;oslc:statusCode&gt;415&lt;/oslc:statusCode&gt;
        &lt;oslc:message&gt;AQXCM5010E Client error executing https://jbslnxvh02.ottawa.ibm.com:9443/qm/oslc_qm/contexts/_uxvyYEhQEeG4vuOH6PdB2g/resources/com.ibm.rqm.planning.VersionedTestCase.&lt;/oslc:message&gt;
        &lt;rqm_qm:clientLocale&gt;en-us&lt;/rqm_qm:clientLocale&gt;
        &lt;rqm_qm:extendedErrorInfo&gt;&lt;/rqm_qm:extendedErrorInfo&gt;
    &lt;/oslc:Error&gt;
&lt;/rdf:RDF&gt; expected:&lt;201&gt; but was:&lt;415&gt;
	at org.eclipse.ant.internal.ui.antsupport.EclipseDefaultExecutor.executeTargets(EclipseDefaultExecutor.java:32)
	at org.eclipse.ant.internal.ui.antsupport.InternalAntRunner.run(InternalAntRunner.java:423)
	at org.eclipse.ant.internal.ui.antsupport.InternalAntRunner.main(InternalAntRunner.java:137)
&lt;?xml-stylesheet type="text/xsl" href="https://jbslnxvh02.ottawa.ibm.com:9443/qm/web/com.ibm.rqm.oslc.web/ui/internal/style/ErrorStyle.xsl"?&gt;
&lt;rdf:RDF xmlns:oslc_qm="http://open-services.net/xmlns/qm/1.0/" xmlns:jproc="http://jazz.net/xmlns/prod/jazz/process/1.0/" xmlns:ns8="http://open-services.net/ns/qm#" xmlns:rdf="http://www.w3.org/1999/02/22-rdf-syntax-ns#" xmlns:dcterms="http://purl.org/dc/terms/" xmlns:oslc_disc="http://open-services.net/xmlns/discovery/1.0/" xmlns:jpres="http://jazz.net/xmlns/prod/jazz/presentation/1.0/" xmlns:oslc="http://open-services.net/ns/core#" xmlns:rqm_qm="http://jazz.net/xmlns/prod/jazz/rqm/qm/1.0/" xmlns:calm="http://jazz.net/xmlns/prod/jazz/calm/1.0/" xmlns:dc="http://purl.org/dc/elements/1.1/"&gt;
    &lt;oslc:Error ns12:type="oslc:Error" xmlns:ns12="http://www.w3.org/2001/XMLSchema-instance"&gt;
        &lt;oslc:statusCode&gt;415&lt;/oslc:statusCode&gt;
        &lt;oslc:message&gt;AQXCM5010E Client error executing https://jbslnxvh02.ottawa.ibm.com:9443/qm/oslc_qm/contexts/_uxvyYEhQEeG4vuOH6PdB2g/resources/com.ibm.rqm.planning.VersionedTestCase.&lt;/oslc:message&gt;
        &lt;rqm_qm:clientLocale&gt;en-us&lt;/rqm_qm:clientLocale&gt;
        &lt;rqm_qm:extendedErrorInfo&gt;&lt;/rqm_qm:extendedErrorInfo&gt;
    &lt;/oslc:Error&gt;
&lt;/rdf:RDF&gt; expected:&lt;201&gt; but was:&lt;415&gt;
	at org.eclipse.lyo.testsuite.server.oslcv2tests.CreationAndUpdateBaseTests.createValidResourceUsingTemplate(CreationAndUpdateBaseTests.java:112)
	at org.eclipse.lyo.testsuite.server.oslcv2tests.CreationAndUpdateXmlTests.createValidResourceUsingTemplate(CreationAndUpdateXmlTests.java:71)
</failure>
  </testcase>
  <testcase classname="org.eclipse.lyo.testsuite.server.oslcv2tests.CreationAndUpdateXmlTests" name="createResourceWithInvalidContent[0]" time="0.105"/>
  <testcase classname="org.eclipse.lyo.testsuite.server.oslcv2tests.CreationAndUpdateXmlTests" name="createResourceAndUpdateIt[0]" time="0.113">
    <failure message="expected:&lt;201&gt; but was:&lt;415&gt;" type="junit.framework.AssertionFailedError">junit.framework.AssertionFailedError: expected:&lt;201&gt; but was:&lt;415&gt;
	at org.eclipse.ant.internal.ui.antsupport.EclipseDefaultExecutor.executeTargets(EclipseDefaultExecutor.java:32)
	at org.eclipse.ant.internal.ui.antsupport.InternalAntRunner.run(InternalAntRunner.java:423)
	at org.eclipse.ant.internal.ui.antsupport.InternalAntRunner.main(InternalAntRunner.java:137)
	at org.eclipse.lyo.testsuite.server.oslcv2tests.CreationAndUpdateBaseTests.createResource(CreationAndUpdateBaseTests.java:278)
	at org.eclipse.lyo.testsuite.server.oslcv2tests.CreationAndUpdateBaseTests.createResourceAndUpdateIt(CreationAndUpdateBaseTests.java:142)
	at org.eclipse.lyo.testsuite.server.oslcv2tests.CreationAndUpdateXmlTests.createResourceAndUpdateIt(CreationAndUpdateXmlTests.java:83)
</failure>
  </testcase>
  <testcase classname="org.eclipse.lyo.testsuite.server.oslcv2tests.CreationAndUpdateXmlTests" name="updateCreatedResourceWithInvalidContent[0]" time="0.107">
    <failure message="expected:&lt;201&gt; but was:&lt;415&gt;" type="junit.framework.AssertionFailedError">junit.framework.AssertionFailedError: expected:&lt;201&gt; but was:&lt;415&gt;
	at org.eclipse.ant.internal.ui.antsupport.EclipseDefaultExecutor.executeTargets(EclipseDefaultExecutor.java:32)
	at org.eclipse.ant.internal.ui.antsupport.InternalAntRunner.run(InternalAntRunner.java:423)
	at org.eclipse.ant.internal.ui.antsupport.InternalAntRunner.main(InternalAntRunner.java:137)
	at org.eclipse.lyo.testsuite.server.oslcv2tests.CreationAndUpdateBaseTests.createResource(CreationAndUpdateBaseTests.java:278)
	at org.eclipse.lyo.testsuite.server.oslcv2tests.CreationAndUpdateBaseTests.updateCreatedResourceWithInvalidContent(CreationAndUpdateBaseTests.java:191)
	at org.eclipse.lyo.testsuite.server.oslcv2tests.CreationAndUpdateXmlTests.updateCreatedResourceWithInvalidContent(CreationAndUpdateXmlTests.java:89)
</failure>
  </testcase>
  <testcase classname="org.eclipse.lyo.testsuite.server.oslcv2tests.CreationAndUpdateXmlTests" name="updateCreatedResourceWithInvalidContentType[0]" time="0.106">
    <failure message="expected:&lt;201&gt; but was:&lt;415&gt;" type="junit.framework.AssertionFailedError">junit.framework.AssertionFailedError: expected:&lt;201&gt; but was:&lt;415&gt;
	at org.eclipse.ant.internal.ui.antsupport.EclipseDefaultExecutor.executeTargets(EclipseDefaultExecutor.java:32)
	at org.eclipse.ant.internal.ui.antsupport.InternalAntRunner.run(InternalAntRunner.java:423)
	at org.eclipse.ant.internal.ui.antsupport.InternalAntRunner.main(InternalAntRunner.java:137)
	at org.eclipse.lyo.testsuite.server.oslcv2tests.CreationAndUpdateBaseTests.createResource(CreationAndUpdateBaseTests.java:278)
	at org.eclipse.lyo.testsuite.server.oslcv2tests.CreationAndUpdateBaseTests.updateCreatedResourceWithBadType(CreationAndUpdateBaseTests.java:233)
	at org.eclipse.lyo.testsuite.server.oslcv2tests.CreationAndUpdateXmlTests.updateCreatedResourceWithInvalidContentType(CreationAndUpdateXmlTests.java:95)
</failure>
  </testcase>
  <testcase classname="org.eclipse.lyo.testsuite.server.oslcv2tests.CreationAndUpdateXmlTests" name="updateCreatedResourceWithFailedPrecondition[0]" time="0.106">
    <failure message="expected:&lt;201&gt; but was:&lt;415&gt;" type="junit.framework.AssertionFailedError">junit.framework.AssertionFailedError: expected:&lt;201&gt; but was:&lt;415&gt;
	at org.eclipse.ant.internal.ui.antsupport.EclipseDefaultExecutor.executeTargets(EclipseDefaultExecutor.java:32)
	at org.eclipse.ant.internal.ui.antsupport.InternalAntRunner.run(InternalAntRunner.java:423)
	at org.eclipse.ant.internal.ui.antsupport.InternalAntRunner.main(InternalAntRunner.java:137)
	at org.eclipse.lyo.testsuite.server.oslcv2tests.CreationAndUpdateBaseTests.createResource(CreationAndUpdateBaseTests.java:278)
	at org.eclipse.lyo.testsuite.server.oslcv2tests.CreationAndUpdateBaseTests.updateCreatedResourceWithFailedPrecondition(CreationAndUpdateBaseTests.java:296)
	at org.eclipse.lyo.testsuite.server.oslcv2tests.CreationAndUpdateXmlTests.updateCreatedResourceWithFailedPrecondition(CreationAndUpdateXmlTests.java:103)
</failure>
  </testcase>
  <testcase classname="org.eclipse.lyo.testsuite.server.oslcv2tests.CreationAndUpdateXmlTests" name="createResourceWithInvalidContentType[0]" time="0.105"/>
  <system-out>&lt;?xml-stylesheet type="text/xsl" href="https://jbslnxvh02.ottawa.ibm.com:9443/qm/web/com.ibm.rqm.oslc.web/ui/internal/style/ErrorStyle.xsl"?&gt;
&lt;rdf:RDF xmlns:oslc_qm="http://open-services.net/xmlns/qm/1.0/" xmlns:jproc="http://jazz.net/xmlns/prod/jazz/process/1.0/" xmlns:ns8="http://open-services.net/ns/qm#" xmlns:rdf="http://www.w3.org/1999/02/22-rdf-syntax-ns#" xmlns:dcterms="http://purl.org/dc/terms/" xmlns:oslc_disc="http://open-services.net/xmlns/discovery/1.0/" xmlns:jpres="http://jazz.net/xmlns/prod/jazz/presentation/1.0/" xmlns:oslc="http://open-services.net/ns/core#" xmlns:rqm_qm="http://jazz.net/xmlns/prod/jazz/rqm/qm/1.0/" xmlns:calm="http://jazz.net/xmlns/prod/jazz/calm/1.0/" xmlns:dc="http://purl.org/dc/elements/1.1/"&gt;
    &lt;oslc:Error ns12:type="oslc:Error" xmlns:ns12="http://www.w3.org/2001/XMLSchema-instance"&gt;
        &lt;oslc:statusCode&gt;415&lt;/oslc:statusCode&gt;
        &lt;oslc:message&gt;AQXCM5010E Client error executing https://jbslnxvh02.ottawa.ibm.com:9443/qm/oslc_qm/contexts/_uxvyYEhQEeG4vuOH6PdB2g/resources/com.ibm.rqm.planning.VersionedTestCase.&lt;/oslc:message&gt;
        &lt;rqm_qm:clientLocale&gt;en-us&lt;/rqm_qm:clientLocale&gt;
        &lt;rqm_qm:extendedErrorInfo&gt;&lt;/rqm_qm:extendedErrorInfo&gt;
    &lt;/oslc:Error&gt;
&lt;/rdf:RDF&gt; expected:&lt;201&gt; but was:&lt;415&gt;)
</system-out>
  <system-err/>
</testsuite>
	<testsuite errors="0" failures="0" hostname="Richard-Bones-MacBook-Pro-2.local" name="org.eclipse.lyo.testsuite.server.oslcv2tests.SimplifiedQueryRdfXmlTests" tests="6" time="0.669" timestamp="2012-01-26T21:40:15">
  <properties>
[...]
</properties>
  <testcase classname="org.eclipse.lyo.testsuite.server.oslcv2tests.SimplifiedQueryRdfXmlTests" name="validEqualsQueryContainsExpectedResource[0]" time="0.108"/>
  <testcase classname="org.eclipse.lyo.testsuite.server.oslcv2tests.SimplifiedQueryRdfXmlTests" name="validNotEqualQueryContainsExpectedResource[0]" time="0.124"/>
  <testcase classname="org.eclipse.lyo.testsuite.server.oslcv2tests.SimplifiedQueryRdfXmlTests" name="validLessThanQueryContainsExpectedResources[0]" time="0.106"/>
  <testcase classname="org.eclipse.lyo.testsuite.server.oslcv2tests.SimplifiedQueryRdfXmlTests" name="validGreaterThanQueryContainsExpectedDefects[0]" time="0.112"/>
  <testcase classname="org.eclipse.lyo.testsuite.server.oslcv2tests.SimplifiedQueryRdfXmlTests" name="validCompoundQueryContainsExpectedResource[0]" time="0.107"/>
  <testcase classname="org.eclipse.lyo.testsuite.server.oslcv2tests.SimplifiedQueryRdfXmlTests" name="fullTextSearchContainsExpectedResults[0]" time="0.106"/>
  <system-out/>
  <system-err/>
</testsuite>
	<testsuite errors="0" failures="0" hostname="Richard-Bones-MacBook-Pro-2.local" name="org.eclipse.lyo.testsuite.server.oslcv2tests.SimplifiedQueryXmlTests" tests="6" time="1.134" timestamp="2012-01-26T21:40:09">
  <properties>
[...]
</properties>
  <testcase classname="org.eclipse.lyo.testsuite.server.oslcv2tests.SimplifiedQueryXmlTests" name="validEqualsQueryContainsExpectedResource[0]" time="0.107"/>
  <testcase classname="org.eclipse.lyo.testsuite.server.oslcv2tests.SimplifiedQueryXmlTests" name="validNotEqualQueryContainsExpectedResource[0]" time="0.33"/>
  <testcase classname="org.eclipse.lyo.testsuite.server.oslcv2tests.SimplifiedQueryXmlTests" name="validLessThanQueryContainsExpectedResources[0]" time="0.111"/>
  <testcase classname="org.eclipse.lyo.testsuite.server.oslcv2tests.SimplifiedQueryXmlTests" name="validGreaterThanQueryContainsExpectedDefects[0]" time="0.348"/>
  <testcase classname="org.eclipse.lyo.testsuite.server.oslcv2tests.SimplifiedQueryXmlTests" name="validCompoundQueryContainsExpectedResource[0]" time="0.125"/>
  <testcase classname="org.eclipse.lyo.testsuite.server.oslcv2tests.SimplifiedQueryXmlTests" name="fullTextSearchContainsExpectedResults[0]" time="0.108"/>
  <system-out/>
  <system-err/>
</testsuite>
	<testsuite errors="0" failures="1" hostname="Richard-Bones-MacBook-Pro-2.local" name="org.eclipse.lyo.testsuite.server.oslcv2tests.ServiceProviderCatalogRdfXmlTests" tests="12" time="2.606" timestamp="2012-01-26T21:39:52">
  <properties>
[...]
</properties>
  <testcase classname="org.eclipse.lyo.testsuite.server.oslcv2tests.ServiceProviderCatalogRdfXmlTests" name="baseUrlIsValid[0]" time="0.2"/>
  <testcase classname="org.eclipse.lyo.testsuite.server.oslcv2tests.ServiceProviderCatalogRdfXmlTests" name="catalogRootIsRdfNamespaceDeclaration[0]" time="0.197"/>
  <testcase classname="org.eclipse.lyo.testsuite.server.oslcv2tests.ServiceProviderCatalogRdfXmlTests" name="catalogRootAboutElementPointsToSelf[0]" time="0.11"/>
  <testcase classname="org.eclipse.lyo.testsuite.server.oslcv2tests.ServiceProviderCatalogRdfXmlTests" name="serviceProviderCatalogsHaveAtMostOneTitle[0]" time="0.2"/>
  <testcase classname="org.eclipse.lyo.testsuite.server.oslcv2tests.ServiceProviderCatalogRdfXmlTests" name="serviceProviderCatalogHaveAtMostOneTitle[0]" time="0.194"/>
  <testcase classname="org.eclipse.lyo.testsuite.server.oslcv2tests.ServiceProviderCatalogRdfXmlTests" name="serviceProvidersHaveAtMostOneTitle[0]" time="0.187"/>
  <testcase classname="org.eclipse.lyo.testsuite.server.oslcv2tests.ServiceProviderCatalogRdfXmlTests" name="serviceProviderCatalogsHaveAtMostOnePublisher[0]" time="0.112"/>
  <testcase classname="org.eclipse.lyo.testsuite.server.oslcv2tests.ServiceProviderCatalogRdfXmlTests" name="serviceProvidersHaveAtMostOnePublisher[0]" time="0.116"/>
  <testcase classname="org.eclipse.lyo.testsuite.server.oslcv2tests.ServiceProviderCatalogRdfXmlTests" name="publisherElementsAreValid[0]" time="0.112"/>
  <testcase classname="org.eclipse.lyo.testsuite.server.oslcv2tests.ServiceProviderCatalogRdfXmlTests" name="invalidContentTypeGivesNotSupportedOPTIONAL[0]" time="0.222">
    <failure message="Expected 406 but received HTTP/1.1 200 OK or Content-type='invalid/content-type' but received application/rdf+xml;charset=UTF-8" type="junit.framework.AssertionFailedError">junit.framework.AssertionFailedError: Expected 406 but received HTTP/1.1 200 OK or Content-type='invalid/content-type' but received application/rdf+xml;charset=UTF-8
	at org.eclipse.ant.internal.ui.antsupport.EclipseDefaultExecutor.executeTargets(EclipseDefaultExecutor.java:32)
	at org.eclipse.ant.internal.ui.antsupport.InternalAntRunner.run(InternalAntRunner.java:423)
	at org.eclipse.ant.internal.ui.antsupport.InternalAntRunner.main(InternalAntRunner.java:137)
	at org.eclipse.lyo.testsuite.server.oslcv2tests.ServiceProviderCatalogBaseTests.invalidContentTypeGivesNotSupportedOPTIONAL(ServiceProviderCatalogBaseTests.java:68)
</failure>
  </testcase>
  <testcase classname="org.eclipse.lyo.testsuite.server.oslcv2tests.ServiceProviderCatalogRdfXmlTests" name="contentTypeIsSuggestedType[0]" time="0.38"/>
  <testcase classname="org.eclipse.lyo.testsuite.server.oslcv2tests.ServiceProviderCatalogRdfXmlTests" name="misplacedParametersDoNotEffectResponse[0]" time="0.507"/>
  <system-out>Catalog does not contain other catalogs
</system-out>
  <system-err/>
</testsuite>
	<testsuite errors="0" failures="2" hostname="Richard-Bones-MacBook-Pro-2.local" name="org.eclipse.lyo.testsuite.server.oslcv2tests.ServiceProviderCatalogXmlTests" tests="17" time="5.326" timestamp="2012-01-26T21:39:55">
  <properties>
[...]
</properties>
  <testcase classname="org.eclipse.lyo.testsuite.server.oslcv2tests.ServiceProviderCatalogXmlTests" name="baseUrlIsValid[0]" time="0.105"/>
  <testcase classname="org.eclipse.lyo.testsuite.server.oslcv2tests.ServiceProviderCatalogXmlTests" name="catalogRootIsRdfNamespaceDeclaration[0]" time="0.191"/>
  <testcase classname="org.eclipse.lyo.testsuite.server.oslcv2tests.ServiceProviderCatalogXmlTests" name="catalogRootAboutElementPointsToSelf[0]" time="0.561"/>
  <testcase classname="org.eclipse.lyo.testsuite.server.oslcv2tests.ServiceProviderCatalogXmlTests" name="serviceProviderCatalogsHaveAtMostOneTitle[0]" time="0.322"/>
  <testcase classname="org.eclipse.lyo.testsuite.server.oslcv2tests.ServiceProviderCatalogXmlTests" name="serviceProvidersHaveAtMostOneTitle[0]" time="0.165"/>
  <testcase classname="org.eclipse.lyo.testsuite.server.oslcv2tests.ServiceProviderCatalogXmlTests" name="serviceProviderCatalogsHaveAtMostOnePublisher[0]" time="0.161"/>
  <testcase classname="org.eclipse.lyo.testsuite.server.oslcv2tests.ServiceProviderCatalogXmlTests" name="serviceProvidersHaveAtMostOnePublisher[0]" time="0.64"/>
  <testcase classname="org.eclipse.lyo.testsuite.server.oslcv2tests.ServiceProviderCatalogXmlTests" name="publisherElementsAreValid[0]" time="0.318"/>
  <testcase classname="org.eclipse.lyo.testsuite.server.oslcv2tests.ServiceProviderCatalogXmlTests" name="serviceProviderCatalogsHaveAtMostOneOAuthElement[0]" time="0.318"/>
  <testcase classname="org.eclipse.lyo.testsuite.server.oslcv2tests.ServiceProviderCatalogXmlTests" name="serviceProvidersHaveAtMostOneOAuthElement[0]" time="0.32"/>
  <testcase classname="org.eclipse.lyo.testsuite.server.oslcv2tests.ServiceProviderCatalogXmlTests" name="oAuthElementsAreValid[0]" time="0.159"/>
  <testcase classname="org.eclipse.lyo.testsuite.server.oslcv2tests.ServiceProviderCatalogXmlTests" name="serviceProviderCatalogsHaveValidResourceUrl[0]" time="0.353"/>
  <testcase classname="org.eclipse.lyo.testsuite.server.oslcv2tests.ServiceProviderCatalogXmlTests" name="servicesProvidersHaveValidResourceUrl[0]" time="0.579"/>
  <testcase classname="org.eclipse.lyo.testsuite.server.oslcv2tests.ServiceProviderCatalogXmlTests" name="detailsElementsHaveValidResourceAttribute[0]" time="0.107"/>
  <testcase classname="org.eclipse.lyo.testsuite.server.oslcv2tests.ServiceProviderCatalogXmlTests" name="invalidContentTypeGivesNotSupportedOPTIONAL[0]" time="0.294">
    <failure message="Expected 406 but received HTTP/1.1 200 OK or Content-type='invalid/content-type' but received application/rdf+xml;charset=UTF-8" type="junit.framework.AssertionFailedError">junit.framework.AssertionFailedError: Expected 406 but received HTTP/1.1 200 OK or Content-type='invalid/content-type' but received application/rdf+xml;charset=UTF-8
	at org.eclipse.ant.internal.ui.antsupport.EclipseDefaultExecutor.executeTargets(EclipseDefaultExecutor.java:32)
	at org.eclipse.ant.internal.ui.antsupport.InternalAntRunner.run(InternalAntRunner.java:423)
	at org.eclipse.ant.internal.ui.antsupport.InternalAntRunner.main(InternalAntRunner.java:137)
	at org.eclipse.lyo.testsuite.server.oslcv2tests.ServiceProviderCatalogBaseTests.invalidContentTypeGivesNotSupportedOPTIONAL(ServiceProviderCatalogBaseTests.java:68)
</failure>
  </testcase>
  <testcase classname="org.eclipse.lyo.testsuite.server.oslcv2tests.ServiceProviderCatalogXmlTests" name="contentTypeIsSuggestedType[0]" time="0.306">
    <failure message="Expected content-type &quot;application/xml&quot; received : application/rdf+xml;charset=UTF-8" type="junit.framework.AssertionFailedError">junit.framework.AssertionFailedError: Expected content-type "application/xml" received : application/rdf+xml;charset=UTF-8
	at org.eclipse.ant.internal.ui.antsupport.EclipseDefaultExecutor.executeTargets(EclipseDefaultExecutor.java:32)
	at org.eclipse.ant.internal.ui.antsupport.InternalAntRunner.run(InternalAntRunner.java:423)
	at org.eclipse.ant.internal.ui.antsupport.InternalAntRunner.main(InternalAntRunner.java:137)
	at org.eclipse.lyo.testsuite.server.oslcv2tests.ServiceProviderCatalogBaseTests.contentTypeIsSuggestedType(ServiceProviderCatalogBaseTests.java:86)
</failure>
  </testcase>
  <testcase classname="org.eclipse.lyo.testsuite.server.oslcv2tests.ServiceProviderCatalogXmlTests" name="misplacedParametersDoNotEffectResponse[0]" time="0.406"/>
  <system-out/>
  <system-err/>
</testsuite>
	<testsuite errors="0" failures="1" hostname="Richard-Bones-MacBook-Pro-2.local" name="org.eclipse.lyo.testsuite.server.oslcv2tests.ServiceProviderRdfXmlTests" tests="8" time="2.785" timestamp="2012-01-26T21:40:00">
  <properties>
[...]
</properties>
  <testcase classname="org.eclipse.lyo.testsuite.server.oslcv2tests.ServiceProviderRdfXmlTests" name="invalidContentTypeGivesNotSupportedOPTIONAL[0]" time="0.496">
    <failure message="Expected 406 but received HTTP/1.1 200 OK,Content-type='invalid/content-type' but received application/rdf+xml;charset=UTF-8" type="junit.framework.AssertionFailedError">junit.framework.AssertionFailedError: Expected 406 but received HTTP/1.1 200 OK,Content-type='invalid/content-type' but received application/rdf+xml;charset=UTF-8
	at org.eclipse.ant.internal.ui.antsupport.EclipseDefaultExecutor.executeTargets(EclipseDefaultExecutor.java:32)
	at org.eclipse.ant.internal.ui.antsupport.InternalAntRunner.run(InternalAntRunner.java:423)
	at org.eclipse.ant.internal.ui.antsupport.InternalAntRunner.main(InternalAntRunner.java:137)
	at org.eclipse.lyo.testsuite.server.oslcv2tests.ServiceProviderRdfXmlTests.invalidContentTypeGivesNotSupportedOPTIONAL(ServiceProviderRdfXmlTests.java:157)
</failure>
  </testcase>
  <testcase classname="org.eclipse.lyo.testsuite.server.oslcv2tests.ServiceProviderRdfXmlTests" name="misplacedParametersDoNotEffectResponse[0]" time="0.597"/>
  <testcase classname="org.eclipse.lyo.testsuite.server.oslcv2tests.ServiceProviderRdfXmlTests" name="currentUrlIsValid[0]" time="0.191"/>
  <testcase classname="org.eclipse.lyo.testsuite.server.oslcv2tests.ServiceProviderRdfXmlTests" name="rootAboutElementPointsToSelf[0]" time="0.118"/>
  <testcase classname="org.eclipse.lyo.testsuite.server.oslcv2tests.ServiceProviderRdfXmlTests" name="typeIsServiceProvider[0]" time="0.378"/>
  <testcase classname="org.eclipse.lyo.testsuite.server.oslcv2tests.ServiceProviderRdfXmlTests" name="contentTypeIsCMServiceDescription[0]" time="0.397"/>
  <testcase classname="org.eclipse.lyo.testsuite.server.oslcv2tests.ServiceProviderRdfXmlTests" name="serviceProviderHasAtMostOneTitle[0]" time="0.381"/>
  <testcase classname="org.eclipse.lyo.testsuite.server.oslcv2tests.ServiceProviderRdfXmlTests" name="serviceProviderHasService[0]" time="0.214"/>
  <system-out/>
  <system-err/>
</testsuite>
	<testsuite errors="0" failures="1" hostname="Richard-Bones-MacBook-Pro-2.local" name="org.eclipse.lyo.testsuite.server.oslcv2tests.ServiceProviderXmlTests" tests="16" time="4.414" timestamp="2012-01-26T21:40:03">
  <properties>
[...]
</properties>
  <testcase classname="org.eclipse.lyo.testsuite.server.oslcv2tests.ServiceProviderXmlTests" name="baseUrlIsValid[0]" time="0.383"/>
  <testcase classname="org.eclipse.lyo.testsuite.server.oslcv2tests.ServiceProviderXmlTests" name="publisherElementsAreValid[0]" time="0.391"/>
  <testcase classname="org.eclipse.lyo.testsuite.server.oslcv2tests.ServiceProviderXmlTests" name="invalidContentTypeGivesNotSupportedOPTIONAL[0]" time="0.577">
    <failure message="Expected 406 but received HTTP/1.1 200 OK,Content-type='invalid/content-type' but received application/rdf+xml;charset=UTF-8" type="junit.framework.AssertionFailedError">junit.framework.AssertionFailedError: Expected 406 but received HTTP/1.1 200 OK,Content-type='invalid/content-type' but received application/rdf+xml;charset=UTF-8
	at org.eclipse.ant.internal.ui.antsupport.EclipseDefaultExecutor.executeTargets(EclipseDefaultExecutor.java:32)
	at org.eclipse.ant.internal.ui.antsupport.InternalAntRunner.run(InternalAntRunner.java:423)
	at org.eclipse.ant.internal.ui.antsupport.InternalAntRunner.main(InternalAntRunner.java:137)
	at org.eclipse.lyo.testsuite.server.oslcv2tests.ServiceProviderXmlTests.invalidContentTypeGivesNotSupportedOPTIONAL(ServiceProviderXmlTests.java:115)
</failure>
  </testcase>
  <testcase classname="org.eclipse.lyo.testsuite.server.oslcv2tests.ServiceProviderXmlTests" name="misplacedParametersDoNotEffectResponse[0]" time="0.639"/>
  <testcase classname="org.eclipse.lyo.testsuite.server.oslcv2tests.ServiceProviderXmlTests" name="oAuthElementsAreValid[0]" time="0.208"/>
  <testcase classname="org.eclipse.lyo.testsuite.server.oslcv2tests.ServiceProviderXmlTests" name="contentTypeIsCMServiceDescription[0]" time="0.304"/>
  <testcase classname="org.eclipse.lyo.testsuite.server.oslcv2tests.ServiceProviderXmlTests" name="serviceProviderHasAtMostOneTitle[0]" time="0.121"/>
  <testcase classname="org.eclipse.lyo.testsuite.server.oslcv2tests.ServiceProviderXmlTests" name="serviceProviderHasService[0]" time="0.119"/>
  <testcase classname="org.eclipse.lyo.testsuite.server.oslcv2tests.ServiceProviderXmlTests" name="serviceProviderHasAtMostOnePublisher[0]" time="0.121"/>
  <testcase classname="org.eclipse.lyo.testsuite.server.oslcv2tests.ServiceProviderXmlTests" name="serviceProviderHasValidDetails[0]" time="0.477"/>
  <testcase classname="org.eclipse.lyo.testsuite.server.oslcv2tests.ServiceProviderXmlTests" name="prefixDefinitionsAreValid[0]" time="0.223"/>
  <testcase classname="org.eclipse.lyo.testsuite.server.oslcv2tests.ServiceProviderXmlTests" name="serviceProviderHasAtMostOneOAuthElement[0]" time="0.204"/>
  <testcase classname="org.eclipse.lyo.testsuite.server.oslcv2tests.ServiceProviderXmlTests" name="eachServiceHasOneDomain[0]" time="0.198"/>
  <testcase classname="org.eclipse.lyo.testsuite.server.oslcv2tests.ServiceProviderXmlTests" name="creationFactoriesAreValid[0]" time="0.196"/>
  <testcase classname="org.eclipse.lyo.testsuite.server.oslcv2tests.ServiceProviderXmlTests" name="queryCapabilityBlocksAreValid[0]" time="0.117"/>
  <testcase classname="org.eclipse.lyo.testsuite.server.oslcv2tests.ServiceProviderXmlTests" name="dialogsAreValid[0]" time="0.123"/>
  <system-out/>
  <system-err/>
</testsuite>
	
	
	
</testsuites>
