<?xml version="1.0" encoding="UTF-8"?>
<testsuites>
	<testsuite errors="0" failures="0" hostname="yyin2" id="" name="org.eclipse.lyo.testsuite.server.oslcv2tests.ChangeRequestJsonTests" package="" tests="16" time="1.579" timestamp="2012-02-06T18:47:47">
  <properties>
[...]
</properties>
  <testcase classname="org.eclipse.lyo.testsuite.server.oslcv2tests.ChangeRequestJsonTests" name="changeRequestHasOneTitle[0]" time="0.094" compliance="passedMust"/>
  <testcase classname="org.eclipse.lyo.testsuite.server.oslcv2tests.ChangeRequestJsonTests" name="changeRequestHasAtMostOneDescription[0]" time="0.094" compliance="passedMust"/>
  <testcase classname="org.eclipse.lyo.testsuite.server.oslcv2tests.ChangeRequestJsonTests" name="changeRequestHasAtMostOneIdentifier[0]" time="0.094" compliance="passedMust"/>
  <testcase classname="org.eclipse.lyo.testsuite.server.oslcv2tests.ChangeRequestJsonTests" name="changeRequestHasAtMostOneName[0]" time="0.094" compliance="passedMust"/>
  <testcase classname="org.eclipse.lyo.testsuite.server.oslcv2tests.ChangeRequestJsonTests" name="changeRequestHasAtMostOneCreatedDate[0]" time="0.109" compliance="passedMust"/>
  <testcase classname="org.eclipse.lyo.testsuite.server.oslcv2tests.ChangeRequestJsonTests" name="changeRequestHasAtMostOneModifiedDate[0]" time="0.094" compliance="passedMust"/>
  <testcase classname="org.eclipse.lyo.testsuite.server.oslcv2tests.ChangeRequestJsonTests" name="changeRequestHasAtMostOneDiscussion[0]" time="0.094" compliance="passedMust"/>
  <testcase classname="org.eclipse.lyo.testsuite.server.oslcv2tests.ChangeRequestJsonTests" name="changeRequestHasAtMostOneInstanceShape[0]" time="0.109" compliance="passedMust"/>
  <testcase classname="org.eclipse.lyo.testsuite.server.oslcv2tests.ChangeRequestJsonTests" name="changeRequestHasAtMostOneCloseDate[0]" time="0.094" compliance="passedMust"/>
  <testcase classname="org.eclipse.lyo.testsuite.server.oslcv2tests.ChangeRequestJsonTests" name="changeRequestHasAtMostOneStatus[0]" time="0.094" compliance="passedMust"/>
  <testcase classname="org.eclipse.lyo.testsuite.server.oslcv2tests.ChangeRequestJsonTests" name="changeRequestHasAtMostOneClosedElement[0]" time="0.11" compliance="passedMust"/>
  <testcase classname="org.eclipse.lyo.testsuite.server.oslcv2tests.ChangeRequestJsonTests" name="changeRequestHasAtMostInProgressElement[0]" time="0.093" compliance="passedMust"/>
  <testcase classname="org.eclipse.lyo.testsuite.server.oslcv2tests.ChangeRequestJsonTests" name="changeRequestHasAtMostOneFixedElement[0]" time="0.11" compliance="passedMust"/>
  <testcase classname="org.eclipse.lyo.testsuite.server.oslcv2tests.ChangeRequestJsonTests" name="changeRequestHasAtMostOneApprovedElement[0]" time="0.094" compliance="passedMust"/>
  <testcase classname="org.eclipse.lyo.testsuite.server.oslcv2tests.ChangeRequestJsonTests" name="changeRequestHasAtMostOneReviewedElement[0]" time="0.094" compliance="passedMust"/>
  <testcase classname="org.eclipse.lyo.testsuite.server.oslcv2tests.ChangeRequestJsonTests" name="changeRequestHasAtMostOneVerifiedElement[0]" time="0.093" compliance="passedMust"/>
  <system-out/>
  <system-err/>
</testsuite>
	
	<testsuite errors="0" failures="0" hostname="yyin2" id="" name="org.eclipse.lyo.testsuite.server.oslcv2tests.ChangeRequestRdfXmlTests" package="" tests="16" time="1.502" timestamp="2012-02-06T18:47:44">
  <properties>
[...]
</properties>
  <testcase classname="org.eclipse.lyo.testsuite.server.oslcv2tests.ChangeRequestRdfXmlTests" name="changeRequestHasOneTitle[0]" time="0.078" compliance="passedMust"/>
  <testcase classname="org.eclipse.lyo.testsuite.server.oslcv2tests.ChangeRequestRdfXmlTests" name="changeRequestHasAtMostOneDescription[0]" time="0.11" compliance="passedMust"/>
  <testcase classname="org.eclipse.lyo.testsuite.server.oslcv2tests.ChangeRequestRdfXmlTests" name="changeRequestHasAtMostOneIdentifier[0]" time="0.094" compliance="passedMust"/>
  <testcase classname="org.eclipse.lyo.testsuite.server.oslcv2tests.ChangeRequestRdfXmlTests" name="changeRequestHasAtMostOneName[0]" time="0.109" compliance="passedMust"/>
  <testcase classname="org.eclipse.lyo.testsuite.server.oslcv2tests.ChangeRequestRdfXmlTests" name="changeRequestHasAtMostOneCreatedDate[0]" time="0.11" compliance="passedMust"/>
  <testcase classname="org.eclipse.lyo.testsuite.server.oslcv2tests.ChangeRequestRdfXmlTests" name="changeRequestHasAtMostOneModifiedDate[0]" time="0.062" compliance="passedMust"/>
  <testcase classname="org.eclipse.lyo.testsuite.server.oslcv2tests.ChangeRequestRdfXmlTests" name="changeRequestHasAtMostOneDiscussion[0]" time="0.094" compliance="passedMust"/>
  <testcase classname="org.eclipse.lyo.testsuite.server.oslcv2tests.ChangeRequestRdfXmlTests" name="changeRequestHasAtMostOneInstanceShape[0]" time="0.109" compliance="passedMust"/>
  <testcase classname="org.eclipse.lyo.testsuite.server.oslcv2tests.ChangeRequestRdfXmlTests" name="changeRequestHasAtMostOneCloseDate[0]" time="0.094" compliance="passedMust"/>
  <testcase classname="org.eclipse.lyo.testsuite.server.oslcv2tests.ChangeRequestRdfXmlTests" name="changeRequestHasAtMostOneStatus[0]" time="0.078" compliance="passedMust"/>
  <testcase classname="org.eclipse.lyo.testsuite.server.oslcv2tests.ChangeRequestRdfXmlTests" name="changeRequestHasAtMostOneClosedElement[0]" time="0.094" compliance="passedMust"/>
  <testcase classname="org.eclipse.lyo.testsuite.server.oslcv2tests.ChangeRequestRdfXmlTests" name="changeRequestHasAtMostInProgressElement[0]" time="0.094" compliance="passedMust"/>
  <testcase classname="org.eclipse.lyo.testsuite.server.oslcv2tests.ChangeRequestRdfXmlTests" name="changeRequestHasAtMostOneFixedElement[0]" time="0.094" compliance="passedMust"/>
  <testcase classname="org.eclipse.lyo.testsuite.server.oslcv2tests.ChangeRequestRdfXmlTests" name="changeRequestHasAtMostOneApprovedElement[0]" time="0.078" compliance="passedMust"/>
  <testcase classname="org.eclipse.lyo.testsuite.server.oslcv2tests.ChangeRequestRdfXmlTests" name="changeRequestHasAtMostOneReviewedElement[0]" time="0.094" compliance="passedMust"/>
  <testcase classname="org.eclipse.lyo.testsuite.server.oslcv2tests.ChangeRequestRdfXmlTests" name="changeRequestHasAtMostOneVerifiedElement[0]" time="0.11" compliance="passedMust"/>
  <system-out/>
  <system-err/>
</testsuite>
	
	<testsuite errors="0" failures="0" hostname="yyin2" id="" name="org.eclipse.lyo.testsuite.server.oslcv2tests.ChangeRequestXmlTests" package="" tests="16" time="1.893" timestamp="2012-02-06T18:47:42">
  <properties>
[...]
</properties>
  <testcase classname="org.eclipse.lyo.testsuite.server.oslcv2tests.ChangeRequestXmlTests" name="changeRequestHasOneTitle[0]" time="0.125" compliance="passedMust"/>
  <testcase classname="org.eclipse.lyo.testsuite.server.oslcv2tests.ChangeRequestXmlTests" name="changeRequestHasAtMostOneDescription[0]" time="0.078" compliance="passedMust"/>
  <testcase classname="org.eclipse.lyo.testsuite.server.oslcv2tests.ChangeRequestXmlTests" name="changeRequestHasAtMostOneIdentifier[0]" time="0.235" compliance="passedMust"/>
  <testcase classname="org.eclipse.lyo.testsuite.server.oslcv2tests.ChangeRequestXmlTests" name="changeRequestHasAtMostOneName[0]" time="0.109" compliance="passedMust"/>
  <testcase classname="org.eclipse.lyo.testsuite.server.oslcv2tests.ChangeRequestXmlTests" name="changeRequestHasAtMostOneCreatedDate[0]" time="0.235" compliance="passedMust"/>
  <testcase classname="org.eclipse.lyo.testsuite.server.oslcv2tests.ChangeRequestXmlTests" name="changeRequestHasAtMostOneModifiedDate[0]" time="0.109" compliance="passedMust"/>
  <testcase classname="org.eclipse.lyo.testsuite.server.oslcv2tests.ChangeRequestXmlTests" name="changeRequestHasAtMostOneDiscussion[0]" time="0.063" compliance="passedMust"/>
  <testcase classname="org.eclipse.lyo.testsuite.server.oslcv2tests.ChangeRequestXmlTests" name="changeRequestHasAtMostOneInstanceShape[0]" time="0.062" compliance="passedMust"/>
  <testcase classname="org.eclipse.lyo.testsuite.server.oslcv2tests.ChangeRequestXmlTests" name="changeRequestHasAtMostOneCloseDate[0]" time="0.079" compliance="passedMust"/>
  <testcase classname="org.eclipse.lyo.testsuite.server.oslcv2tests.ChangeRequestXmlTests" name="changeRequestHasAtMostOneStatus[0]" time="0.266" compliance="passedMust"/>
  <testcase classname="org.eclipse.lyo.testsuite.server.oslcv2tests.ChangeRequestXmlTests" name="changeRequestHasAtMostOneClosedElement[0]" time="0.093" compliance="passedMust"/>
  <testcase classname="org.eclipse.lyo.testsuite.server.oslcv2tests.ChangeRequestXmlTests" name="changeRequestHasAtMostInProgressElement[0]" time="0.094" compliance="passedMust"/>
  <testcase classname="org.eclipse.lyo.testsuite.server.oslcv2tests.ChangeRequestXmlTests" name="changeRequestHasAtMostOneFixedElement[0]" time="0.11" compliance="passedMust"/>
  <testcase classname="org.eclipse.lyo.testsuite.server.oslcv2tests.ChangeRequestXmlTests" name="changeRequestHasAtMostOneApprovedElement[0]" time="0.062" compliance="passedMust"/>
  <testcase classname="org.eclipse.lyo.testsuite.server.oslcv2tests.ChangeRequestXmlTests" name="changeRequestHasAtMostOneReviewedElement[0]" time="0.079" compliance="passedMust"/>
  <testcase classname="org.eclipse.lyo.testsuite.server.oslcv2tests.ChangeRequestXmlTests" name="changeRequestHasAtMostOneVerifiedElement[0]" time="0.078" compliance="passedMust"/>
  <system-out/>
  <system-err/>
</testsuite>
	
	<testsuite errors="0" failures="0" hostname="yyin2" id="" name="org.eclipse.lyo.testsuite.server.oslcv2tests.CreationAndUpdateJsonTests" package="" tests="7" time="1.642" timestamp="2012-02-06T18:47:40">
  <properties>
[...]
</properties>
  <testcase classname="org.eclipse.lyo.testsuite.server.oslcv2tests.CreationAndUpdateJsonTests" name="createValidResourceUsingTemplate[0]" time="0.203" compliance="passedMust"/>
  <testcase classname="org.eclipse.lyo.testsuite.server.oslcv2tests.CreationAndUpdateJsonTests" name="createResourceWithInvalidContent[0]" time="0.047" compliance="passedMust"/>
  <testcase classname="org.eclipse.lyo.testsuite.server.oslcv2tests.CreationAndUpdateJsonTests" name="createResourceAndUpdateIt[0]" time="0.438" compliance="passedMust"/>
  <testcase classname="org.eclipse.lyo.testsuite.server.oslcv2tests.CreationAndUpdateJsonTests" name="updateCreatedResourceWithInvalidContent[0]" time="0.344" compliance="passedMust"/>
  <testcase classname="org.eclipse.lyo.testsuite.server.oslcv2tests.CreationAndUpdateJsonTests" name="updateCreatedResourceWithInvalidContentType[0]" time="0.282" compliance="passedMust"/>
  <testcase classname="org.eclipse.lyo.testsuite.server.oslcv2tests.CreationAndUpdateJsonTests" name="updateCreatedResourceWithFailedPrecondition[0]" time="0.234" compliance="passedMust"/>
  <testcase classname="org.eclipse.lyo.testsuite.server.oslcv2tests.CreationAndUpdateJsonTests" name="createResourceWithInvalidContentType[0]" time="0.047" compliance="passedMust"/>
  <system-out/>
  <system-err/>
</testsuite>
	
	<testsuite errors="0" failures="0" hostname="yyin2" id="" name="org.eclipse.lyo.testsuite.server.oslcv2tests.CreationAndUpdateRdfXmlTests" package="" tests="7" time="1.643" timestamp="2012-02-06T18:47:48">
  <properties>
[...]
</properties>
  <testcase classname="org.eclipse.lyo.testsuite.server.oslcv2tests.CreationAndUpdateRdfXmlTests" name="createValidResourceUsingRdfXmlTemplate[0]" time="0.219" compliance="passedMust"/>
  <testcase classname="org.eclipse.lyo.testsuite.server.oslcv2tests.CreationAndUpdateRdfXmlTests" name="createResourceWithInvalidContent[0]" time="0.047" compliance="passedMust"/>
  <testcase classname="org.eclipse.lyo.testsuite.server.oslcv2tests.CreationAndUpdateRdfXmlTests" name="createResourceAndUpdateIt[0]" time="0.407" compliance="passedMust"/>
  <testcase classname="org.eclipse.lyo.testsuite.server.oslcv2tests.CreationAndUpdateRdfXmlTests" name="updateCreatedResourceWithInvalidContent[0]" time="0.406" compliance="passedMust"/>
  <testcase classname="org.eclipse.lyo.testsuite.server.oslcv2tests.CreationAndUpdateRdfXmlTests" name="updateCreatedResourceWithBadType[0]" time="0.251" compliance="passedMust"/>
  <testcase classname="org.eclipse.lyo.testsuite.server.oslcv2tests.CreationAndUpdateRdfXmlTests" name="updateCreatedResourceWithFailedPrecondition[0]" time="0.25" compliance="passedMust"/>
  <testcase classname="org.eclipse.lyo.testsuite.server.oslcv2tests.CreationAndUpdateRdfXmlTests" name="createResourceWithInvalidContentType[0]" time="0.047" compliance="passedMust"/>
  <system-out/>
  <system-err/>
</testsuite>
	
	
	<testsuite errors="0" failures="0" hostname="yyin2" id="" name="org.eclipse.lyo.testsuite.server.oslcv2tests.CreationAndUpdateXmlTests" package="" tests="7" time="1.861" timestamp="2012-02-06T18:47:36">
  <properties>
[...]
</properties>
  <testcase classname="org.eclipse.lyo.testsuite.server.oslcv2tests.CreationAndUpdateXmlTests" name="createValidResourceUsingTemplate[0]" time="0.234" compliance="passedMust"/>
  <testcase classname="org.eclipse.lyo.testsuite.server.oslcv2tests.CreationAndUpdateXmlTests" name="createResourceWithInvalidContent[0]" time="0.047" compliance="passedMust"/>
  <testcase classname="org.eclipse.lyo.testsuite.server.oslcv2tests.CreationAndUpdateXmlTests" name="createResourceAndUpdateIt[0]" time="0.579" compliance="passedMust"/>
  <testcase classname="org.eclipse.lyo.testsuite.server.oslcv2tests.CreationAndUpdateXmlTests" name="updateCreatedResourceWithInvalidContent[0]" time="0.422" compliance="passedMust"/>
  <testcase classname="org.eclipse.lyo.testsuite.server.oslcv2tests.CreationAndUpdateXmlTests" name="updateCreatedResourceWithInvalidContentType[0]" time="0.282" compliance="passedMust"/>
  <testcase classname="org.eclipse.lyo.testsuite.server.oslcv2tests.CreationAndUpdateXmlTests" name="updateCreatedResourceWithFailedPrecondition[0]" time="0.25" compliance="passedMust"/>
  <testcase classname="org.eclipse.lyo.testsuite.server.oslcv2tests.CreationAndUpdateXmlTests" name="createResourceWithInvalidContentType[0]" time="0.031" compliance="passedMust"/>
  <system-out/>
  <system-err/>
</testsuite>
	
	<testsuite errors="0" failures="0" hostname="yyin2" id="" name="org.eclipse.lyo.testsuite.server.oslcv2tests.ServiceProviderCatalogRdfXmlTests" package="" tests="12" time="1.549" timestamp="2012-02-06T18:47:24">
  <properties>
[...]
</properties>
  <testcase classname="org.eclipse.lyo.testsuite.server.oslcv2tests.ServiceProviderCatalogRdfXmlTests" name="baseUrlIsValid[0]" time="0.11" compliance="passedMust"/>
  <testcase classname="org.eclipse.lyo.testsuite.server.oslcv2tests.ServiceProviderCatalogRdfXmlTests" name="catalogRootIsRdfNamespaceDeclaration[0]" time="0.062" compliance="passedMay"/>
  <testcase classname="org.eclipse.lyo.testsuite.server.oslcv2tests.ServiceProviderCatalogRdfXmlTests" name="catalogRootAboutElementPointsToSelf[0]" time="0.11" compliance="passedMay"/>
  <testcase classname="org.eclipse.lyo.testsuite.server.oslcv2tests.ServiceProviderCatalogRdfXmlTests" name="serviceProviderCatalogsHaveAtMostOneTitle[0]" time="0.063" compliance="passedMay"/>
  <testcase classname="org.eclipse.lyo.testsuite.server.oslcv2tests.ServiceProviderCatalogRdfXmlTests" name="serviceProviderCatalogHaveAtMostOneTitle[0]" time="0.109" compliance="passedMay"/>
  <testcase classname="org.eclipse.lyo.testsuite.server.oslcv2tests.ServiceProviderCatalogRdfXmlTests" name="serviceProvidersHaveAtMostOneTitle[0]" time="0.078" compliance="passedMay"/>
  <testcase classname="org.eclipse.lyo.testsuite.server.oslcv2tests.ServiceProviderCatalogRdfXmlTests" name="serviceProviderCatalogsHaveAtMostOnePublisher[0]" time="0.094" compliance="passedMay"/>
  <testcase classname="org.eclipse.lyo.testsuite.server.oslcv2tests.ServiceProviderCatalogRdfXmlTests" name="serviceProvidersHaveAtMostOnePublisher[0]" time="0.078" compliance="passedMay"/>
  <testcase classname="org.eclipse.lyo.testsuite.server.oslcv2tests.ServiceProviderCatalogRdfXmlTests" name="publisherElementsAreValid[0]" time="0.11" compliance="passedMust"/>
  <testcase classname="org.eclipse.lyo.testsuite.server.oslcv2tests.ServiceProviderCatalogRdfXmlTests" name="invalidContentTypeGivesNotSupportedOPTIONAL[0]" time="0.109" compliance="passedMay"/>
  <testcase classname="org.eclipse.lyo.testsuite.server.oslcv2tests.ServiceProviderCatalogRdfXmlTests" name="contentTypeIsSuggestedType[0]" time="0.157" compliance="passedMay"/>
  <testcase classname="org.eclipse.lyo.testsuite.server.oslcv2tests.ServiceProviderCatalogRdfXmlTests" name="misplacedParametersDoNotEffectResponse[0]" time="0.266" compliance="passedMust"/>
  <system-out>Catalog does not contain other catalogs
</system-out>
  <system-err/>
</testsuite>
	
	<testsuite errors="0" failures="0" hostname="yyin2" id="" name="org.eclipse.lyo.testsuite.server.oslcv2tests.ServiceProviderCatalogXmlTests" package="" tests="17" time="2.628" timestamp="2012-02-06T18:47:26">
  <properties>
[...]
</properties>
  <testcase classname="org.eclipse.lyo.testsuite.server.oslcv2tests.ServiceProviderCatalogXmlTests" name="baseUrlIsValid[0]" time="0.109" compliance="passedMust"/>
  <testcase classname="org.eclipse.lyo.testsuite.server.oslcv2tests.ServiceProviderCatalogXmlTests" name="catalogRootIsRdfNamespaceDeclaration[0]" time="0.063" compliance="passedMay"/>
  <testcase classname="org.eclipse.lyo.testsuite.server.oslcv2tests.ServiceProviderCatalogXmlTests" name="catalogRootAboutElementPointsToSelf[0]" time="0.203" compliance="passedMay"/>
  <testcase classname="org.eclipse.lyo.testsuite.server.oslcv2tests.ServiceProviderCatalogXmlTests" name="serviceProviderCatalogsHaveAtMostOneTitle[0]" time="0.094" compliance="passedMay"/>
  <testcase classname="org.eclipse.lyo.testsuite.server.oslcv2tests.ServiceProviderCatalogXmlTests" name="serviceProvidersHaveAtMostOneTitle[0]" time="0.125" compliance="passedMay"/>
  <testcase classname="org.eclipse.lyo.testsuite.server.oslcv2tests.ServiceProviderCatalogXmlTests" name="serviceProviderCatalogsHaveAtMostOnePublisher[0]" time="0.11" compliance="passedMay"/>
  <testcase classname="org.eclipse.lyo.testsuite.server.oslcv2tests.ServiceProviderCatalogXmlTests" name="serviceProvidersHaveAtMostOnePublisher[0]" time="0.078" compliance="passedMay"/>
  <testcase classname="org.eclipse.lyo.testsuite.server.oslcv2tests.ServiceProviderCatalogXmlTests" name="publisherElementsAreValid[0]" time="0.094" compliance="passedMust"/>
  <testcase classname="org.eclipse.lyo.testsuite.server.oslcv2tests.ServiceProviderCatalogXmlTests" name="serviceProviderCatalogsHaveAtMostOneOAuthElement[0]" time="0.094" compliance="passedMay"/>
  <testcase classname="org.eclipse.lyo.testsuite.server.oslcv2tests.ServiceProviderCatalogXmlTests" name="serviceProvidersHaveAtMostOneOAuthElement[0]" time="0.125" compliance="passedMay"/>
  <testcase classname="org.eclipse.lyo.testsuite.server.oslcv2tests.ServiceProviderCatalogXmlTests" name="oAuthElementsAreValid[0]" time="0.063" compliance="passedMust"/>
  <testcase classname="org.eclipse.lyo.testsuite.server.oslcv2tests.ServiceProviderCatalogXmlTests" name="serviceProviderCatalogsHaveValidResourceUrl[0]" time="0.156" compliance="passedMay"/>
  <testcase classname="org.eclipse.lyo.testsuite.server.oslcv2tests.ServiceProviderCatalogXmlTests" name="servicesProvidersHaveValidResourceUrl[0]" time="0.595" compliance="passedMay"/>
  <testcase classname="org.eclipse.lyo.testsuite.server.oslcv2tests.ServiceProviderCatalogXmlTests" name="detailsElementsHaveValidResourceAttribute[0]" time="0.094" compliance="passedMust"/>
  <testcase classname="org.eclipse.lyo.testsuite.server.oslcv2tests.ServiceProviderCatalogXmlTests" name="invalidContentTypeGivesNotSupportedOPTIONAL[0]" time="0.14" compliance="passedMay"/>
  <testcase classname="org.eclipse.lyo.testsuite.server.oslcv2tests.ServiceProviderCatalogXmlTests" name="contentTypeIsSuggestedType[0]" time="0.157" compliance="passedMay"/>
  <testcase classname="org.eclipse.lyo.testsuite.server.oslcv2tests.ServiceProviderCatalogXmlTests" name="misplacedParametersDoNotEffectResponse[0]" time="0.281" compliance="passedMay"/>
  <system-out/>
  <system-err/>
</testsuite>
	
	<testsuite errors="0" failures="1" hostname="yyin2" id="" name="org.eclipse.lyo.testsuite.server.oslcv2tests.ServiceProviderRdfXmlTests" package="" tests="8" time="1.986" timestamp="2012-02-06T18:47:29">
  <properties>
[...]
</properties>
  <testcase classname="org.eclipse.lyo.testsuite.server.oslcv2tests.ServiceProviderRdfXmlTests" name="currentUrlIsValid[0]" time="0.172" compliance="passedMust"/>
  <testcase classname="org.eclipse.lyo.testsuite.server.oslcv2tests.ServiceProviderRdfXmlTests" name="rootAboutElementPointsToSelf[0]" time="0.188" compliance="passedMust"/>
  <testcase classname="org.eclipse.lyo.testsuite.server.oslcv2tests.ServiceProviderRdfXmlTests" name="typeIsServiceProvider[0]" time="0.172" compliance="passedMust"/>
  <testcase classname="org.eclipse.lyo.testsuite.server.oslcv2tests.ServiceProviderRdfXmlTests" name="invalidContentTypeGivesNotSupportedOPTIONAL[0]" time="0.313" compliance="failedMay">
    <failure message="Expected 406 but received HTTP/1.1 200 OK,Content-type='invalid/content-type' but received text/xml;charset=UTF-8" type="junit.framework.AssertionFailedError">junit.framework.AssertionFailedError: Expected 406 but received HTTP/1.1 200 OK,Content-type='invalid/content-type' but received text/xml;charset=UTF-8
	at org.eclipse.ant.internal.launching.remote.EclipseDefaultExecutor.executeTargets(EclipseDefaultExecutor.java:32)
	at org.eclipse.ant.internal.launching.remote.InternalAntRunner.run(InternalAntRunner.java:423)
	at org.eclipse.ant.internal.launching.remote.InternalAntRunner.main(InternalAntRunner.java:137)
	at org.eclipse.lyo.testsuite.server.oslcv2tests.ServiceProviderRdfXmlTests.invalidContentTypeGivesNotSupportedOPTIONAL(ServiceProviderRdfXmlTests.java:156)
</failure>
  </testcase>
  <testcase classname="org.eclipse.lyo.testsuite.server.oslcv2tests.ServiceProviderRdfXmlTests" name="responseContentTypeIsXML[0]" time="0.313" compliance="passedMust"/>
  <testcase classname="org.eclipse.lyo.testsuite.server.oslcv2tests.ServiceProviderRdfXmlTests" name="misplacedParametersDoNotEffectResponse[0]" time="0.5" compliance="passedMust"/>
  <testcase classname="org.eclipse.lyo.testsuite.server.oslcv2tests.ServiceProviderRdfXmlTests" name="serviceProviderHasAtMostOneTitle[0]" time="0.157" compliance="passedMust"/>
  <testcase classname="org.eclipse.lyo.testsuite.server.oslcv2tests.ServiceProviderRdfXmlTests" name="serviceProviderHasService[0]" time="0.14" compliance="passedMust"/>
  <system-out/>
  <system-err/>
</testsuite>
	
	<testsuite errors="0" failures="1" hostname="yyin2" id="" name="org.eclipse.lyo.testsuite.server.oslcv2tests.ServiceProviderXmlTests" package="" tests="16" time="4.88" timestamp="2012-02-06T18:47:31">
  <properties>
[...]
</properties>
  <testcase classname="org.eclipse.lyo.testsuite.server.oslcv2tests.ServiceProviderXmlTests" name="baseUrlIsValid[0]" time="0.141" compliance="passedMust"/>
  <testcase classname="org.eclipse.lyo.testsuite.server.oslcv2tests.ServiceProviderXmlTests" name="invalidContentTypeGivesNotSupportedOPTIONAL[0]" time="0.313" compliance="failedMay">
    <failure message="Expected 406 but received HTTP/1.1 200 OK,Content-type='invalid/content-type' but received text/xml;charset=UTF-8" type="junit.framework.AssertionFailedError">junit.framework.AssertionFailedError: Expected 406 but received HTTP/1.1 200 OK,Content-type='invalid/content-type' but received text/xml;charset=UTF-8
	at org.eclipse.ant.internal.launching.remote.EclipseDefaultExecutor.executeTargets(EclipseDefaultExecutor.java:32)
	at org.eclipse.ant.internal.launching.remote.InternalAntRunner.run(InternalAntRunner.java:423)
	at org.eclipse.ant.internal.launching.remote.InternalAntRunner.main(InternalAntRunner.java:137)
	at org.eclipse.lyo.testsuite.server.oslcv2tests.ServiceProviderXmlTests.invalidContentTypeGivesNotSupportedOPTIONAL(ServiceProviderXmlTests.java:116)
</failure>
  </testcase>
  <testcase classname="org.eclipse.lyo.testsuite.server.oslcv2tests.ServiceProviderXmlTests" name="responseContentTypeIsXML[0]" time="0.297" compliance="passedMust"/>
  <testcase classname="org.eclipse.lyo.testsuite.server.oslcv2tests.ServiceProviderXmlTests" name="misplacedParametersDoNotEffectResponse[0]" time="0.485" compliance="passedMust"/>
  <testcase classname="org.eclipse.lyo.testsuite.server.oslcv2tests.ServiceProviderXmlTests" name="serviceProviderHasAtMostOneTitle[0]" time="0.141" compliance="passedMust"/>
  <testcase classname="org.eclipse.lyo.testsuite.server.oslcv2tests.ServiceProviderXmlTests" name="serviceProviderHasAtMostOnePublisher[0]" time="0.172" compliance="passedMust"/>
  <testcase classname="org.eclipse.lyo.testsuite.server.oslcv2tests.ServiceProviderXmlTests" name="publisherElementsAreValid[0]" time="0.141" compliance="passedMust"/>
  <testcase classname="org.eclipse.lyo.testsuite.server.oslcv2tests.ServiceProviderXmlTests" name="serviceProviderHasService[0]" time="0.187" compliance="passedMust"/>
  <testcase classname="org.eclipse.lyo.testsuite.server.oslcv2tests.ServiceProviderXmlTests" name="serviceProviderHasValidDetails[0]" time="0.173" compliance="passedMust"/>
  <testcase classname="org.eclipse.lyo.testsuite.server.oslcv2tests.ServiceProviderXmlTests" name="prefixDefinitionsAreValid[0]" time="0.187" compliance="passedMust"/>
  <testcase classname="org.eclipse.lyo.testsuite.server.oslcv2tests.ServiceProviderXmlTests" name="serviceProviderHasAtMostOneOAuthElement[0]" time="0.141" compliance="passedMust"/>
  <testcase classname="org.eclipse.lyo.testsuite.server.oslcv2tests.ServiceProviderXmlTests" name="oAuthElementsAreValid[0]" time="0.172" compliance="passedMust"/>
  <testcase classname="org.eclipse.lyo.testsuite.server.oslcv2tests.ServiceProviderXmlTests" name="eachServiceHasOneDomain[0]" time="0.125" compliance="passedMust"/>
  <testcase classname="org.eclipse.lyo.testsuite.server.oslcv2tests.ServiceProviderXmlTests" name="creationFactoriesAreValid[0]" time="0.172" compliance="passedMust"/>
  <testcase classname="org.eclipse.lyo.testsuite.server.oslcv2tests.ServiceProviderXmlTests" name="queryCapabilityBlocksAreValid[0]" time="1.846" compliance="passedMust"/>
  <testcase classname="org.eclipse.lyo.testsuite.server.oslcv2tests.ServiceProviderXmlTests" name="dialogsAreValid[0]" time="0.172" compliance="passedMust"/>
  <system-out/>
  <system-err/>
</testsuite>
	
	<testsuite errors="0" failures="2" hostname="yyin2" id="" name="org.eclipse.lyo.testsuite.server.oslcv2tests.SimplifiedQueryRdfXmlTests" package="" tests="6" time="0.657" timestamp="2012-02-06T18:47:50">
  <properties>
[...]
</properties>
  <testcase classname="org.eclipse.lyo.testsuite.server.oslcv2tests.SimplifiedQueryRdfXmlTests" name="validEqualsQueryContainsExpectedResource[0]" time="0.234" compliance="passedMust"/>
  <testcase classname="org.eclipse.lyo.testsuite.server.oslcv2tests.SimplifiedQueryRdfXmlTests" name="validNotEqualQueryContainsExpectedResource[0]" time="0.11" compliance="passedMust"/>
  <testcase classname="org.eclipse.lyo.testsuite.server.oslcv2tests.SimplifiedQueryRdfXmlTests" name="validLessThanQueryContainsExpectedResources[0]" time="0.047" compliance="failedMust">
    <failure message="Expected a results resource with URI: https://quagmire.rtp.raleigh.ibm.com:14444/ccm/oslc/contexts/_Sf1GoU0LEeGzh_mXlFjFSA/workitems" type="junit.framework.AssertionFailedError">junit.framework.AssertionFailedError: Expected a results resource with URI: https://quagmire.rtp.raleigh.ibm.com:14444/ccm/oslc/contexts/_Sf1GoU0LEeGzh_mXlFjFSA/workitems
	at org.eclipse.ant.internal.launching.remote.EclipseDefaultExecutor.executeTargets(EclipseDefaultExecutor.java:32)
	at org.eclipse.ant.internal.launching.remote.InternalAntRunner.run(InternalAntRunner.java:423)
	at org.eclipse.ant.internal.launching.remote.InternalAntRunner.main(InternalAntRunner.java:137)
	at org.eclipse.lyo.testsuite.server.oslcv2tests.SimplifiedQueryRdfXmlTests.validateNonEmptyResponse(SimplifiedQueryRdfXmlTests.java:103)
	at org.eclipse.lyo.testsuite.server.oslcv2tests.SimplifiedQueryRdfXmlTests.validLessThanQueryContainsExpectedResources(SimplifiedQueryRdfXmlTests.java:150)
</failure>
  </testcase>
  <testcase classname="org.eclipse.lyo.testsuite.server.oslcv2tests.SimplifiedQueryRdfXmlTests" name="validGreaterThanQueryContainsExpectedDefects[0]" time="0.109" compliance="passedMust"/>
  <testcase classname="org.eclipse.lyo.testsuite.server.oslcv2tests.SimplifiedQueryRdfXmlTests" name="validCompoundQueryContainsExpectedResource[0]" time="0.063" compliance="passedMust"/>
  <testcase classname="org.eclipse.lyo.testsuite.server.oslcv2tests.SimplifiedQueryRdfXmlTests" name="fullTextSearchContainsExpectedResults[0]" time="0.078" compliance="failedMust">
    <failure message="Expected a results resource with URI: https://quagmire.rtp.raleigh.ibm.com:14444/ccm/oslc/contexts/_Sf1GoU0LEeGzh_mXlFjFSA/workitems" type="junit.framework.AssertionFailedError">junit.framework.AssertionFailedError: Expected a results resource with URI: https://quagmire.rtp.raleigh.ibm.com:14444/ccm/oslc/contexts/_Sf1GoU0LEeGzh_mXlFjFSA/workitems
	at org.eclipse.ant.internal.launching.remote.EclipseDefaultExecutor.executeTargets(EclipseDefaultExecutor.java:32)
	at org.eclipse.ant.internal.launching.remote.InternalAntRunner.run(InternalAntRunner.java:423)
	at org.eclipse.ant.internal.launching.remote.InternalAntRunner.main(InternalAntRunner.java:137)
	at org.eclipse.lyo.testsuite.server.oslcv2tests.SimplifiedQueryRdfXmlTests.validateNonEmptyResponse(SimplifiedQueryRdfXmlTests.java:103)
	at org.eclipse.lyo.testsuite.server.oslcv2tests.SimplifiedQueryRdfXmlTests.fullTextSearchContainsExpectedResults(SimplifiedQueryRdfXmlTests.java:170)
</failure>
  </testcase>
  <system-out/>
  <system-err/>
</testsuite>
	
	<testsuite errors="0" failures="2" hostname="yyin2" id="" name="org.eclipse.lyo.testsuite.server.oslcv2tests.SimplifiedQueryXmlTests" package="" tests="6" time="0.97" timestamp="2012-02-06T18:47:38">
  <properties>
[...]
</properties>
  <testcase classname="org.eclipse.lyo.testsuite.server.oslcv2tests.SimplifiedQueryXmlTests" name="validEqualsQueryContainsExpectedResource[0]" time="0.141" compliance="passedMust"/>
  <testcase classname="org.eclipse.lyo.testsuite.server.oslcv2tests.SimplifiedQueryXmlTests" name="validNotEqualQueryContainsExpectedResource[0]" time="0.266" compliance="passedMust"/>
  <testcase classname="org.eclipse.lyo.testsuite.server.oslcv2tests.SimplifiedQueryXmlTests" name="validLessThanQueryContainsExpectedResources[0]" time="0.062" compliance="failedMust">
    <failure message="Expected oslc:totalCount &gt; 0" type="junit.framework.AssertionFailedError">junit.framework.AssertionFailedError: Expected oslc:totalCount &gt; 0
	at org.eclipse.ant.internal.launching.remote.EclipseDefaultExecutor.executeTargets(EclipseDefaultExecutor.java:32)
	at org.eclipse.ant.internal.launching.remote.InternalAntRunner.run(InternalAntRunner.java:423)
	at org.eclipse.ant.internal.launching.remote.InternalAntRunner.main(InternalAntRunner.java:137)
	at org.eclipse.lyo.testsuite.server.oslcv2tests.SimplifiedQueryXmlTests.validateNonEmptyResponse(SimplifiedQueryXmlTests.java:111)
	at org.eclipse.lyo.testsuite.server.oslcv2tests.SimplifiedQueryXmlTests.validLessThanQueryContainsExpectedResources(SimplifiedQueryXmlTests.java:142)
</failure>
  </testcase>
  <testcase classname="org.eclipse.lyo.testsuite.server.oslcv2tests.SimplifiedQueryXmlTests" name="validGreaterThanQueryContainsExpectedDefects[0]" time="0.204" compliance="passedMust"/>
  <testcase classname="org.eclipse.lyo.testsuite.server.oslcv2tests.SimplifiedQueryXmlTests" name="validCompoundQueryContainsExpectedResource[0]" time="0.093" compliance="passedMust"/>
  <testcase classname="org.eclipse.lyo.testsuite.server.oslcv2tests.SimplifiedQueryXmlTests" name="fullTextSearchContainsExpectedResults[0]" time="0.188" compliance="failedMust">
    <failure message="Expected oslc:totalCount &gt; 0" type="junit.framework.AssertionFailedError">junit.framework.AssertionFailedError: Expected oslc:totalCount &gt; 0
	at org.eclipse.ant.internal.launching.remote.EclipseDefaultExecutor.executeTargets(EclipseDefaultExecutor.java:32)
	at org.eclipse.ant.internal.launching.remote.InternalAntRunner.run(InternalAntRunner.java:423)
	at org.eclipse.ant.internal.launching.remote.InternalAntRunner.main(InternalAntRunner.java:137)
	at org.eclipse.lyo.testsuite.server.oslcv2tests.SimplifiedQueryXmlTests.validateNonEmptyResponse(SimplifiedQueryXmlTests.java:111)
	at org.eclipse.lyo.testsuite.server.oslcv2tests.SimplifiedQueryXmlTests.fullTextSearchContainsExpectedResults(SimplifiedQueryXmlTests.java:166)
</failure>
  </testcase>
  <system-out/>
  <system-err/>
</testsuite>
	
</testsuites>